#
# A fatal error has been detected by the Java Runtime Environment:
#
#  SIGSEGV (0xb) at pc=0x00007fe7d4b9cbb2, pid=7634, tid=0x00007fe7ae174700
#
# JRE version: OpenJDK Runtime Environment (8.0_191-b12) (build 1.8.0_191-8u191-b12-2ubuntu0.18.10.1-b12)
# Java VM: OpenJDK 64-Bit Server VM (25.191-b12 mixed mode linux-amd64 compressed oops)
# Problematic frame:
# C  [libxshmfence.so.1+0xbb2]  xshmfence_await+0x12
#
# Failed to write core dump. Core dumps have been disabled. To enable core dumping, try "ulimit -c unlimited" before starting Java again
#
# If you would like to submit a bug report, please visit:
#   http://bugreport.java.com/bugreport/crash.jsp
# The crash happened outside the Java Virtual Machine in native code.
# See problematic frame for where to report the bug.
#

---------------  T H R E A D  ---------------

Current thread (0x00007fe7c0128000):  JavaThread "Thread-16" daemon [_thread_in_native, id=7872, stack(0x00007fe7ae074000,0x00007fe7ae175000)]

siginfo: si_signo: 11 (SIGSEGV), si_code: 1 (SEGV_MAPERR), si_addr: 0x00007fe7d40fb000

Registers:
RAX=0x0000000000000000, RBX=0x00007fe7d40fb000, RCX=0x00007fe82407bad6, RDX=0x0000000000000000
RSP=0x00007fe7ae173500, RBP=0x00000000ffffffff, RSI=0x0000000000000000, RDI=0x00007fe7d40fb000
R8 =0x0000000000000000, R9 =0x0000000000000000, R10=0x0000000000000000, R11=0x0000000000000246
R12=0x00007fe7c00de350, R13=0x0000000000000000, R14=0x00007fe7c00de268, R15=0x0000000000000000
RIP=0x00007fe7d4b9cbb2, EFLAGS=0x0000000000010246, CSGSFS=0x002b000000000033, ERR=0x0000000000000006
  TRAPNO=0x000000000000000e

Top of Stack: (sp=0x00007fe7ae173500)
0x00007fe7ae173500:   00007fe7c00de268 00007fe7c00de268
0x00007fe7ae173510:   00007fe7c0109a30 00007fe7d4e2d330
0x00007fe7ae173520:   00007fe7c00de350 000000000000100b
0x00007fe7ae173530:   00007fe7c00de268 00007fe7d4e2bfca
0x00007fe7ae173540:   00007fe7c00de268 1f0a1ab37d6aa000
0x00007fe7ae173550:   00007fe7c0185960 00007fe7ae173630
0x00007fe7ae173560:   0000000000000001 000000000000100b
0x00007fe7ae173570:   00007fe7c00de268 0000000000000005
0x00007fe7ae173580:   0000000000000000 00007fe7d4e2e11c
0x00007fe7ae173590:   00007fe7b8485250 00007fe7c00de3d0
0x00007fe7ae1735a0:   00007fe7d4e2e030 00007fe7afa3b902
0x00007fe7ae1735b0:   00007fe7c023ef20 00007fe7c0185960
0x00007fe7ae1735c0:   00007fe7ae1736b0 00007fe7c00de8c0
0x00007fe7ae1735d0:   00007fe7c00de820 00007fe7b8485220
0x00007fe7ae1735e0:   00007fe7d4e2e030 00007fe7afa3e791
0x00007fe7ae1735f0:   00000000e397f230 00007fe835eac6ec
0x00007fe7ae173600:   00000001000779a0 00000000e79b9758
0x00007fe7ae173610:   0000000000000001 00007fe7c00de268
0x00007fe7ae173620:   00007fe7c0188b60 0000000000000001
0x00007fe7ae173630:   0000000200000000 0000000000000000
0x00007fe7ae173640:   0000000000000000 0000000000000000
0x00007fe7ae173650:   0000000000000000 1f0a1ab37d6aa000
0x00007fe7ae173660:   00007fe7ae173680 0000000000000000
0x00007fe7ae173670:   0000000000000000 1f0a1ab37d6aa000
0x00007fe7ae173680:   00007fe7c00731d0 00007fe7ae1736d0
0x00007fe7ae173690:   00007fe7c0185960 0000000000000000
0x00007fe7ae1736a0:   00007fe7c00de3d0 00007fe7c0128000
0x00007fe7ae1736b0:   00007fe7b8485220 00007fe7afa3eeba
0x00007fe7ae1736c0:   0000000000000000 00007fe7afa3eeba
0x00007fe7ae1736d0:   00007fe7c0185960 00007fe7ae173780
0x00007fe7ae1736e0:   0000000000000012 00007fe7afa3a221
0x00007fe7ae1736f0:   0000000004000000 00007fe7af7a21a8 

Instructions: (pc=0x00007fe7d4b9cbb2)
0x00007fe7d4b9cb92:   1f 44 00 00 66 2e 0f 1f 84 00 00 00 00 00 55 53
0x00007fe7d4b9cba2:   bd ff ff ff ff 48 89 fb 48 83 ec 08 66 90 31 c0
0x00007fe7d4b9cbb2:   f0 0f b1 2b 83 f8 01 74 45 48 83 ec 08 31 d2 45
0x00007fe7d4b9cbc2:   31 c9 6a 00 45 31 c0 89 e9 31 c0 48 89 de bf ca 

Register to memory mapping:

RAX=0x0000000000000000 is an unknown value
RBX=0x00007fe7d40fb000 is an unknown value
RCX=0x00007fe82407bad6: xcb_flush+0x36 in /usr/lib/x86_64-linux-gnu/libxcb.so.1 at 0x00007fe82406f000
RDX=0x0000000000000000 is an unknown value
RSP=0x00007fe7ae173500 is pointing into the stack for thread: 0x00007fe7c0128000
RBP=0x00000000ffffffff is an unallocated location in the heap
RSI=0x0000000000000000 is an unknown value
RDI=0x00007fe7d40fb000 is an unknown value
R8 =0x0000000000000000 is an unknown value
R9 =0x0000000000000000 is an unknown value
R10=0x0000000000000000 is an unknown value
R11=0x0000000000000246 is an unknown value
R12=0x00007fe7c00de350 is an unknown value
R13=0x0000000000000000 is an unknown value
R14=0x00007fe7c00de268 is an unknown value
R15=0x0000000000000000 is an unknown value


Stack: [0x00007fe7ae074000,0x00007fe7ae175000],  sp=0x00007fe7ae173500,  free space=1021k
Native frames: (J=compiled Java code, j=interpreted, Vv=VM code, C=native code)
C  [libxshmfence.so.1+0xbb2]  xshmfence_await+0x12

Java frames: (J=compiled Java code, j=interpreted, Vv=VM code)
J 4524  org.lwjgl.opengl.GL11.glClear(I)V (0 bytes) @ 0x00007fe835d1bf81 [0x00007fe835d1bf40+0x41]
J 4570 C1 yaw.engine.Window.clear()Z (31 bytes) @ 0x00007fe835d4e87c [0x00007fe835d4e820+0x5c]
j  yaw.engine.MainLoop.loop()V+104
j  yaw.engine.MainLoop.run()V+5
j  java.lang.Thread.run()V+11
v  ~StubRoutines::call_stub

---------------  P R O C E S S  ---------------

Java Threads: ( => current thread )
=>0x00007fe7c0128000 JavaThread "Thread-16" daemon [_thread_in_native, id=7872, stack(0x00007fe7ae074000,0x00007fe7ae175000)]
  0x00007fe7c00b5800 JavaThread "Thread-14" daemon [_thread_in_native, id=7803, stack(0x00007fe7d6bf2000,0x00007fe7d6cf3000)]
  0x00007fe7b4005000 JavaThread "nRepl-session-469c9b0b-4b14-4b7b-8e91-e5ec9dd007a8" daemon [_thread_blocked, id=7791, stack(0x00007fe7d6ef3000,0x00007fe7d6ff4000)]
  0x00007fe7b4003800 JavaThread "nRepl-session-7b8b7a6a-fead-4327-b4ae-39430ca6bd4d" daemon [_thread_blocked, id=7790, stack(0x00007fe7d6ff4000,0x00007fe7d70f5000)]
  0x00007fe7f07a8800 JavaThread "clojure-agent-send-off-pool-7" [_thread_blocked, id=7789, stack(0x00007fe7d70f5000,0x00007fe7d71f6000)]
  0x00007fe7b4001000 JavaThread "clojure-agent-send-pool-5" daemon [_thread_blocked, id=7754, stack(0x00007fe7d71f6000,0x00007fe7d72f7000)]
  0x00007fe7b0002800 JavaThread "clojure-agent-send-pool-4" daemon [_thread_in_vm, id=7739, stack(0x00007fe7d72f7000,0x00007fe7d73f8000)]
  0x00007fe7bc001800 JavaThread "clojure-agent-send-pool-3" daemon [_thread_blocked, id=7737, stack(0x00007fe7d73f8000,0x00007fe7d74f9000)]
  0x00007fe7b8004000 JavaThread "clojure-agent-send-pool-2" daemon [_thread_blocked, id=7732, stack(0x00007fe7d74f9000,0x00007fe7d75fa000)]
  0x00007fe7cc00d000 JavaThread "clojure-agent-send-pool-1" daemon [_thread_blocked, id=7717, stack(0x00007fe7d77fa000,0x00007fe7d78fb000)]
  0x00007fe7f07a7800 JavaThread "nRepl-session-fd76534b-c6d9-4e15-97b4-5e46ca7034b1" daemon [_thread_blocked, id=7699, stack(0x00007fe7d78fb000,0x00007fe7d79fc000)]
  0x00007fe7ec009000 JavaThread "nRepl-session-aa8c9b48-f582-4fef-a9a8-bbad4cf6c7d2" daemon [_thread_blocked, id=7698, stack(0x00007fe7d79fc000,0x00007fe7d7afd000)]
  0x00007fe7d8010000 JavaThread "clojure-agent-send-pool-0" daemon [_thread_in_vm, id=7697, stack(0x00007fe7d7afd000,0x00007fe7d7bfe000)]
  0x00007fe7ec008800 JavaThread "nREPL-worker-0" daemon [_thread_blocked, id=7696, stack(0x00007fe7d7bfe000,0x00007fe7d7cff000)]
  0x00007fe7f404f000 JavaThread "clojure-agent-send-off-pool-6" [_thread_in_native, id=7695, stack(0x00007fe7d7eff000,0x00007fe7d8000000)]
  0x00007fe7ec001000 JavaThread "clojure-agent-send-off-pool-5" [_thread_in_native, id=7694, stack(0x00007fe8240c1000,0x00007fe8241c2000)]
  0x00007fe7f0026000 JavaThread "nRepl-session-bcd88bb0-5571-4c22-a433-c499935f07a7" daemon [_thread_blocked, id=7685, stack(0x00007fe82483b000,0x00007fe82493c000)]
  0x00007fe7f0024000 JavaThread "nRepl-session-540c72ff-a5e5-4951-a8fa-1855e55bc379" daemon [_thread_blocked, id=7684, stack(0x00007fe82493c000,0x00007fe824a3d000)]
  0x00007fe7e8002800 JavaThread "clojure-agent-send-off-pool-4" [_thread_in_native, id=7683, stack(0x00007fe824a3d000,0x00007fe824b3e000)]
  0x00007fe7f0007800 JavaThread "clojure-agent-send-off-pool-3" [_thread_in_native, id=7682, stack(0x00007fe824b3e000,0x00007fe824c3f000)]
  0x00007fe7f0010000 JavaThread "clojure-agent-send-off-pool-2" [_thread_blocked, id=7681, stack(0x00007fe824c3f000,0x00007fe824d40000)]
  0x00007fe84497d800 JavaThread "clojure-agent-send-off-pool-1" [_thread_blocked, id=7678, stack(0x00007fe824f59000,0x00007fe82505a000)]
  0x00007fe844975800 JavaThread "clojure-agent-send-off-pool-0" [_thread_blocked, id=7677, stack(0x00007fe82506d000,0x00007fe82516e000)]
  0x00007fe8440ce000 JavaThread "Service Thread" daemon [_thread_blocked, id=7651, stack(0x00007fe825914000,0x00007fe825a15000)]
  0x00007fe8440c3000 JavaThread "C1 CompilerThread2" daemon [_thread_in_native, id=7650, stack(0x00007fe825a16000,0x00007fe825b16000)]
  0x00007fe8440c1000 JavaThread "C2 CompilerThread1" daemon [_thread_blocked, id=7649, stack(0x00007fe825b17000,0x00007fe825c17000)]
  0x00007fe8440be000 JavaThread "C2 CompilerThread0" daemon [_thread_in_native, id=7648, stack(0x00007fe825c18000,0x00007fe825d18000)]
  0x00007fe8440bc800 JavaThread "Signal Dispatcher" daemon [_thread_blocked, id=7647, stack(0x00007fe825d18000,0x00007fe825e19000)]
  0x00007fe844089000 JavaThread "Finalizer" daemon [_thread_blocked, id=7646, stack(0x00007fe826bf4000,0x00007fe826cf5000)]
  0x00007fe844086800 JavaThread "Reference Handler" daemon [_thread_blocked, id=7645, stack(0x00007fe826cf5000,0x00007fe826df6000)]
  0x00007fe84400f800 JavaThread "main" [_thread_blocked, id=7639, stack(0x00007fe848a68000,0x00007fe848b68000)]

Other Threads:
  0x00007fe84407d000 VMThread [stack: 0x00007fe826df7000,0x00007fe826ef7000] [id=7644]
  0x00007fe8440d0800 WatcherThread [stack: 0x00007fe825814000,0x00007fe825914000] [id=7652]

VM state:not at safepoint (normal execution)

VM Mutex/Monitor currently owned by a thread: None

Heap:
 PSYoungGen      total 358400K, used 284675K [0x00000000d7200000, 0x00000000f1a00000, 0x0000000100000000)
  eden space 343552K, 82% used [0x00000000d7200000,0x00000000e8800d60,0x00000000ec180000)
  from space 14848K, 0% used [0x00000000ec180000,0x00000000ec180000,0x00000000ed000000)
  to   space 15360K, 0% used [0x00000000f0b00000,0x00000000f0b00000,0x00000000f1a00000)
 ParOldGen       total 115200K, used 27418K [0x0000000085600000, 0x000000008c680000, 0x00000000d7200000)
  object space 115200K, 23% used [0x0000000085600000,0x00000000870c6a88,0x000000008c680000)
 Metaspace       used 36548K, capacity 44271K, committed 44584K, reserved 1083392K
  class space    used 8040K, capacity 10684K, committed 10800K, reserved 1048576K

Card table byte_map: [0x00007fe84826c000,0x00007fe848642000] byte_map_base: 0x00007fe847e41000

Marking Bits: (ParMarkBitMap*) 0x00007fe849b3e340
 Begin Bits: [0x00007fe82c2b0000, 0x00007fe82e158000)
 End Bits:   [0x00007fe82e158000, 0x00007fe830000000)

Polling page: 0x00007fe849f8c000

CodeCache: size=245760Kb used=16051Kb max_used=16059Kb free=229708Kb
 bounds [0x00007fe835000000, 0x00007fe835fd0000, 0x00007fe844000000]
 total_blobs=5091 nmethods=4160 adapters=845
 compilation: enabled

Compilation events (10 events):
Event: 90,920 Thread 0x00007fe8440c3000 5264   !   3       sun.reflect.GeneratedMethodAccessor5::invoke (421 bytes)
Event: 90,928 Thread 0x00007fe8440c3000 nmethod 5264 0x00007fe835fbb250 code [0x00007fe835fbb680, 0x00007fe835fbf2e8]
Event: 91,253 Thread 0x00007fe8440c1000 5265       4       java.util.concurrent.locks.ReentrantLock$NonfairSync::lock (25 bytes)
Event: 91,254 Thread 0x00007fe8440c3000 5266       3       clojure.lang.PersistentVector::withMeta (6 bytes)
Event: 91,255 Thread 0x00007fe8440c3000 nmethod 5266 0x00007fe835f85910 code [0x00007fe835f85a80, 0x00007fe835f85ce8]
Event: 91,260 Thread 0x00007fe8440be000 5267       4       org.joml.Vector3f::add (32 bytes)
Event: 91,261 Thread 0x00007fe8440c1000 nmethod 5265 0x00007fe835fb3bd0 code [0x00007fe835fb3d40, 0x00007fe835fb3e98]
Event: 91,262 Thread 0x00007fe8440be000 nmethod 5267 0x00007fe835e62950 code [0x00007fe835e62aa0, 0x00007fe835e62b18]
Event: 91,284 Thread 0x00007fe8440c1000 5268       4       java.util.concurrent.locks.ReentrantLock$Sync::isHeldExclusively (16 bytes)
Event: 91,287 Thread 0x00007fe8440c1000 nmethod 5268 0x00007fe835fadf50 code [0x00007fe835fae0a0, 0x00007fe835fae138]

GC Heap History (10 events):
Event: 4,820 GC heap before
{Heap before GC invocations=7 (full 1):
 PSYoungGen      total 263680K, used 11753K [0x00000000d7200000, 0x00000000e8500000, 0x0000000100000000)
  eden space 251904K, 0% used [0x00000000d7200000,0x00000000d7200000,0x00000000e6800000)
  from space 11776K, 99% used [0x00000000e7580000,0x00000000e80fa7d8,0x00000000e8100000)
  to   space 13824K, 0% used [0x00000000e6800000,0x00000000e6800000,0x00000000e7580000)
 ParOldGen       total 84992K, used 9469K [0x0000000085600000, 0x000000008a900000, 0x00000000d7200000)
  object space 84992K, 11% used [0x0000000085600000,0x0000000085f3f7d0,0x000000008a900000)
 Metaspace       used 18667K, capacity 21162K, committed 21296K, reserved 1064960K
  class space    used 4199K, capacity 5167K, committed 5168K, reserved 1048576K
Event: 4,951 GC heap after
Heap after GC invocations=7 (full 1):
 PSYoungGen      total 263680K, used 0K [0x00000000d7200000, 0x00000000e8500000, 0x0000000100000000)
  eden space 251904K, 0% used [0x00000000d7200000,0x00000000d7200000,0x00000000e6800000)
  from space 11776K, 0% used [0x00000000e7580000,0x00000000e7580000,0x00000000e8100000)
  to   space 13824K, 0% used [0x00000000e6800000,0x00000000e6800000,0x00000000e7580000)
 ParOldGen       total 72704K, used 16857K [0x0000000085600000, 0x0000000089d00000, 0x00000000d7200000)
  object space 72704K, 23% used [0x0000000085600000,0x00000000866767f8,0x0000000089d00000)
 Metaspace       used 18667K, capacity 21162K, committed 21296K, reserved 1064960K
  class space    used 4199K, capacity 5167K, committed 5168K, reserved 1048576K
}
Event: 7,864 GC heap before
{Heap before GC invocations=8 (full 1):
 PSYoungGen      total 263680K, used 251904K [0x00000000d7200000, 0x00000000e8500000, 0x0000000100000000)
  eden space 251904K, 100% used [0x00000000d7200000,0x00000000e6800000,0x00000000e6800000)
  from space 11776K, 0% used [0x00000000e7580000,0x00000000e7580000,0x00000000e8100000)
  to   space 13824K, 0% used [0x00000000e6800000,0x00000000e6800000,0x00000000e7580000)
 ParOldGen       total 72704K, used 16857K [0x0000000085600000, 0x0000000089d00000, 0x00000000d7200000)
  object space 72704K, 23% used [0x0000000085600000,0x00000000866767f8,0x0000000089d00000)
 Metaspace       used 24570K, capacity 28758K, committed 28976K, reserved 1071104K
  class space    used 5832K, capacity 7375K, committed 7472K, reserved 1048576K
Event: 7,881 GC heap after
Heap after GC invocations=8 (full 1):
 PSYoungGen      total 265728K, used 9199K [0x00000000d7200000, 0x00000000ee000000, 0x0000000100000000)
  eden space 251904K, 0% used [0x00000000d7200000,0x00000000d7200000,0x00000000e6800000)
  from space 13824K, 66% used [0x00000000e6800000,0x00000000e70fbc00,0x00000000e7580000)
  to   space 13824K, 0% used [0x00000000ed280000,0x00000000ed280000,0x00000000ee000000)
 ParOldGen       total 72704K, used 16865K [0x0000000085600000, 0x0000000089d00000, 0x00000000d7200000)
  object space 72704K, 23% used [0x0000000085600000,0x00000000866787f8,0x0000000089d00000)
 Metaspace       used 24570K, capacity 28758K, committed 28976K, reserved 1071104K
  class space    used 5832K, capacity 7375K, committed 7472K, reserved 1048576K
}
Event: 9,754 GC heap before
{Heap before GC invocations=9 (full 1):
 PSYoungGen      total 265728K, used 261103K [0x00000000d7200000, 0x00000000ee000000, 0x0000000100000000)
  eden space 251904K, 100% used [0x00000000d7200000,0x00000000e6800000,0x00000000e6800000)
  from space 13824K, 66% used [0x00000000e6800000,0x00000000e70fbc00,0x00000000e7580000)
  to   space 13824K, 0% used [0x00000000ed280000,0x00000000ed280000,0x00000000ee000000)
 ParOldGen       total 72704K, used 16865K [0x0000000085600000, 0x0000000089d00000, 0x00000000d7200000)
  object space 72704K, 23% used [0x0000000085600000,0x00000000866787f8,0x0000000089d00000)
 Metaspace       used 27499K, capacity 33438K, committed 33584K, reserved 1075200K
  class space    used 6710K, capacity 8731K, committed 8752K, reserved 1048576K
Event: 9,770 GC heap after
Heap after GC invocations=9 (full 1):
 PSYoungGen      total 352256K, used 11903K [0x00000000d7200000, 0x00000000ede80000, 0x0000000100000000)
  eden space 339968K, 0% used [0x00000000d7200000,0x00000000d7200000,0x00000000ebe00000)
  from space 12288K, 96% used [0x00000000ed280000,0x00000000ede1fff0,0x00000000ede80000)
  to   space 14848K, 0% used [0x00000000ec180000,0x00000000ec180000,0x00000000ed000000)
 ParOldGen       total 72704K, used 16873K [0x0000000085600000, 0x0000000089d00000, 0x00000000d7200000)
  object space 72704K, 23% used [0x0000000085600000,0x000000008667a7f8,0x0000000089d00000)
 Metaspace       used 27499K, capacity 33438K, committed 33584K, reserved 1075200K
  class space    used 6710K, capacity 8731K, committed 8752K, reserved 1048576K
}
Event: 14,159 GC heap before
{Heap before GC invocations=10 (full 1):
 PSYoungGen      total 352256K, used 107207K [0x00000000d7200000, 0x00000000ede80000, 0x0000000100000000)
  eden space 339968K, 28% used [0x00000000d7200000,0x00000000dcf11e38,0x00000000ebe00000)
  from space 12288K, 96% used [0x00000000ed280000,0x00000000ede1fff0,0x00000000ede80000)
  to   space 14848K, 0% used [0x00000000ec180000,0x00000000ec180000,0x00000000ed000000)
 ParOldGen       total 72704K, used 16873K [0x0000000085600000, 0x0000000089d00000, 0x00000000d7200000)
  object space 72704K, 23% used [0x0000000085600000,0x000000008667a7f8,0x0000000089d00000)
 Metaspace       used 28645K, capacity 35250K, committed 35496K, reserved 1075200K
  class space    used 7101K, capacity 9391K, committed 9392K, reserved 1048576K
Event: 14,182 GC heap after
Heap after GC invocations=10 (full 1):
 PSYoungGen      total 358400K, used 11128K [0x00000000d7200000, 0x00000000f1a00000, 0x0000000100000000)
  eden space 343552K, 0% used [0x00000000d7200000,0x00000000d7200000,0x00000000ec180000)
  from space 14848K, 74% used [0x00000000ec180000,0x00000000ecc5e0f8,0x00000000ed000000)
  to   space 15360K, 0% used [0x00000000f0b00000,0x00000000f0b00000,0x00000000f1a00000)
 ParOldGen       total 72704K, used 16873K [0x0000000085600000, 0x0000000089d00000, 0x00000000d7200000)
  object space 72704K, 23% used [0x0000000085600000,0x000000008667a7f8,0x0000000089d00000)
 Metaspace       used 28645K, capacity 35250K, committed 35496K, reserved 1075200K
  class space    used 7101K, capacity 9391K, committed 9392K, reserved 1048576K
}
Event: 14,182 GC heap before
{Heap before GC invocations=11 (full 2):
 PSYoungGen      total 358400K, used 11128K [0x00000000d7200000, 0x00000000f1a00000, 0x0000000100000000)
  eden space 343552K, 0% used [0x00000000d7200000,0x00000000d7200000,0x00000000ec180000)
  from space 14848K, 74% used [0x00000000ec180000,0x00000000ecc5e0f8,0x00000000ed000000)
  to   space 15360K, 0% used [0x00000000f0b00000,0x00000000f0b00000,0x00000000f1a00000)
 ParOldGen       total 72704K, used 16873K [0x0000000085600000, 0x0000000089d00000, 0x00000000d7200000)
  object space 72704K, 23% used [0x0000000085600000,0x000000008667a7f8,0x0000000089d00000)
 Metaspace       used 28645K, capacity 35250K, committed 35496K, reserved 1075200K
  class space    used 7101K, capacity 9391K, committed 9392K, reserved 1048576K
Event: 14,334 GC heap after
Heap after GC invocations=11 (full 2):
 PSYoungGen      total 358400K, used 0K [0x00000000d7200000, 0x00000000f1a00000, 0x0000000100000000)
  eden space 343552K, 0% used [0x00000000d7200000,0x00000000d7200000,0x00000000ec180000)
  from space 14848K, 0% used [0x00000000ec180000,0x00000000ec180000,0x00000000ed000000)
  to   space 15360K, 0% used [0x00000000f0b00000,0x00000000f0b00000,0x00000000f1a00000)
 ParOldGen       total 115200K, used 27418K [0x0000000085600000, 0x000000008c680000, 0x00000000d7200000)
  object space 115200K, 23% used [0x0000000085600000,0x00000000870c6a88,0x000000008c680000)
 Metaspace       used 28623K, capacity 35216K, committed 35496K, reserved 1075200K
  class space    used 7095K, capacity 9381K, committed 9392K, reserved 1048576K
}

Deoptimization events (10 events):
Event: 87,313 Thread 0x00007fe7bc001800 Uncommon trap: reason=null_check action=make_not_entrant pc=0x00007fe8354b4658 method=clojure.lang.RT.isReduced(Ljava/lang/Object;)Z @ 1
Event: 87,346 Thread 0x00007fe7bc001800 Uncommon trap: reason=null_check action=make_not_entrant pc=0x00007fe835336a14 method=clojure.lang.RT.isReduced(Ljava/lang/Object;)Z @ 1
Event: 87,346 Thread 0x00007fe7bc001800 Uncommon trap: reason=bimorphic action=maybe_recompile pc=0x00007fe835a12a78 method=clojure.lang.RT.more(Ljava/lang/Object;)Lclojure/lang/ISeq; @ 31
Event: 87,368 Thread 0x00007fe7bc001800 Uncommon trap: reason=bimorphic action=maybe_recompile pc=0x00007fe835a12a78 method=clojure.lang.RT.more(Ljava/lang/Object;)Lclojure/lang/ISeq; @ 31
Event: 87,376 Thread 0x00007fe7b8004000 Uncommon trap: reason=bimorphic action=maybe_recompile pc=0x00007fe835a12a78 method=clojure.lang.RT.more(Ljava/lang/Object;)Lclojure/lang/ISeq; @ 31
Event: 87,390 Thread 0x00007fe7b8004000 Uncommon trap: reason=bimorphic action=maybe_recompile pc=0x00007fe835a12a78 method=clojure.lang.RT.more(Ljava/lang/Object;)Lclojure/lang/ISeq; @ 31
Event: 87,403 Thread 0x00007fe7bc001800 Uncommon trap: reason=class_check action=maybe_recompile pc=0x00007fe8356dbeb4 method=clojure.lang.RT.more(Ljava/lang/Object;)Lclojure/lang/ISeq; @ 31
Event: 87,409 Thread 0x00007fe7cc00d000 Uncommon trap: reason=class_check action=maybe_recompile pc=0x00007fe8356598b4 method=clojure.lang.RT.more(Ljava/lang/Object;)Lclojure/lang/ISeq; @ 31
Event: 87,673 Thread 0x00007fe7d8010000 Uncommon trap: reason=unstable_if action=reinterpret pc=0x00007fe83545386c method=sun.security.provider.NativePRNG$RandomIO.ensureBufferValid()V @ 57
Event: 88,242 Thread 0x00007fe7b0002800 Uncommon trap: reason=unstable_if action=reinterpret pc=0x00007fe835c6884c method=yaw.engine.collision.Collision.isIntersectSegmentAndFace(Lorg/joml/Vector4f;Lorg/joml/Vector4f;Lorg/joml/Vector4f;Lorg/joml/Vector4f;Lorg/joml/Vector4f;Lorg/joml/Vector4f;)Z

Classes redefined (0 events):
No events

Internal exceptions (10 events):
Event: 86,856 Thread 0x00007fe7f07a8800 Exception <a 'java/lang/ClassNotFoundException': > (0x00000000e2e88958) thrown at [/build/openjdk-8-DbR8Ha/openjdk-8-8u191-b12/src/hotspot/src/share/vm/prims/jni.cpp, line 735]
Event: 86,857 Thread 0x00007fe7f07a8800 Exception <a 'java/lang/ClassNotFoundException': > (0x00000000e2e89520) thrown at [/build/openjdk-8-DbR8Ha/openjdk-8-8u191-b12/src/hotspot/src/share/vm/prims/jni.cpp, line 735]
Event: 86,857 Thread 0x00007fe7f07a8800 Exception <a 'java/lang/ClassNotFoundException': > (0x00000000e2e8a490) thrown at [/build/openjdk-8-DbR8Ha/openjdk-8-8u191-b12/src/hotspot/src/share/vm/prims/jni.cpp, line 735]
Event: 86,857 Thread 0x00007fe7f07a8800 Exception <a 'java/lang/ClassNotFoundException': > (0x00000000e2e8b2c8) thrown at [/build/openjdk-8-DbR8Ha/openjdk-8-8u191-b12/src/hotspot/src/share/vm/prims/jni.cpp, line 735]
Event: 86,960 Thread 0x00007fe7ec009000 Implicit null exception at 0x00007fe835a697d0 to 0x00007fe835a6b1a9
Event: 86,960 Thread 0x00007fe7ec009000 Implicit null exception at 0x00007fe83594bfe6 to 0x00007fe83594ca65
Event: 86,960 Thread 0x00007fe7ec009000 Implicit null exception at 0x00007fe835a62619 to 0x00007fe835a62ee5
Event: 87,310 Thread 0x00007fe7bc001800 Implicit null exception at 0x00007fe8353364e4 to 0x00007fe835336d01
Event: 87,313 Thread 0x00007fe7bc001800 Implicit null exception at 0x00007fe8354b462c to 0x00007fe8354b464e
Event: 87,346 Thread 0x00007fe7bc001800 Implicit null exception at 0x00007fe8353364e4 to 0x00007fe835336d01

Events (10 events):
Event: 88,343 Thread 0x00007fe7d8010000 DEOPT PACKING pc=0x00007fe8354eabc3 sp=0x00007fe7d7bfa960
Event: 88,343 Thread 0x00007fe7d8010000 DEOPT UNPACKING pc=0x00007fe8350474c4 sp=0x00007fe7d7bfa760 mode 0
Event: 88,358 Thread 0x00007fe7d8010000 DEOPT PACKING pc=0x00007fe835c7a66c sp=0x00007fe7d7bfaa70
Event: 88,358 Thread 0x00007fe7d8010000 DEOPT UNPACKING pc=0x00007fe8350474c4 sp=0x00007fe7d7bfa900 mode 0
Event: 88,380 Thread 0x00007fe7b0002800 DEOPT PACKING pc=0x00007fe835c7a66c sp=0x00007fe7d73f4a70
Event: 88,380 Thread 0x00007fe7b0002800 DEOPT UNPACKING pc=0x00007fe8350474c4 sp=0x00007fe7d73f4900 mode 0
Event: 88,389 Thread 0x00007fe7cc00d000 DEOPT PACKING pc=0x00007fe8354eabc3 sp=0x00007fe7d78f7960
Event: 88,389 Thread 0x00007fe7cc00d000 DEOPT UNPACKING pc=0x00007fe8350474c4 sp=0x00007fe7d78f7760 mode 0
Event: 88,395 Thread 0x00007fe7cc00d000 DEOPT PACKING pc=0x00007fe835c7a8f8 sp=0x00007fe7d78f7a70
Event: 88,395 Thread 0x00007fe7cc00d000 DEOPT UNPACKING pc=0x00007fe8350474c4 sp=0x00007fe7d78f7900 mode 0


Dynamic libraries:
85600000-8c680000 rw-p 00000000 00:00 0 
8c680000-d7200000 ---p 00000000 00:00 0 
d7200000-f1a00000 rw-p 00000000 00:00 0 
f1a00000-100000000 ---p 00000000 00:00 0 
100000000-100a8c000 rw-p 00000000 00:00 0 
100a8c000-140000000 ---p 00000000 00:00 0 
55be59913000-55be59914000 r--p 00000000 08:16 191                        /usr/lib/jvm/java-8-openjdk-amd64/jre/bin/java
55be59914000-55be59915000 r-xp 00001000 08:16 191                        /usr/lib/jvm/java-8-openjdk-amd64/jre/bin/java
55be59915000-55be59916000 r--p 00002000 08:16 191                        /usr/lib/jvm/java-8-openjdk-amd64/jre/bin/java
55be59916000-55be59917000 r--p 00002000 08:16 191                        /usr/lib/jvm/java-8-openjdk-amd64/jre/bin/java
55be59917000-55be59918000 rw-p 00003000 08:16 191                        /usr/lib/jvm/java-8-openjdk-amd64/jre/bin/java
55be5a2a0000-55be5a2c1000 rw-p 00000000 00:00 0                          [heap]
7fe7ada74000-7fe7ade74000 rw-p 00000000 00:00 0 
7fe7ade74000-7fe7adf74000 rw-p 00000000 00:00 0 
7fe7adf74000-7fe7ae074000 ---p 00000000 00:00 0 
7fe7ae074000-7fe7ae077000 ---p 00000000 00:00 0 
7fe7ae077000-7fe7ae375000 rw-p 00000000 00:00 0 
7fe7ae375000-7fe7ae3e0000 r-xp 00000000 08:16 803811                     /tmp/lwjglnatdev/3.1.5-build-1/liblwjgl_opengl.so
7fe7ae3e0000-7fe7ae5df000 ---p 0006b000 08:16 803811                     /tmp/lwjglnatdev/3.1.5-build-1/liblwjgl_opengl.so
7fe7ae5df000-7fe7ae5e0000 r--p 0006a000 08:16 803811                     /tmp/lwjglnatdev/3.1.5-build-1/liblwjgl_opengl.so
7fe7ae5e0000-7fe7ae5e1000 rw-p 0006b000 08:16 803811                     /tmp/lwjglnatdev/3.1.5-build-1/liblwjgl_opengl.so
7fe7ae5e1000-7fe7aede1000 rw-p 00000000 00:00 0 
7fe7aede1000-7fe7aede2000 ---p 00000000 00:00 0 
7fe7aede2000-7fe7af5e2000 rw-p 00000000 00:00 0 
7fe7af5e2000-7fe7af64b000 r--p 00000000 08:16 792156                     /usr/lib/x86_64-linux-gnu/dri/i965_dri.so
7fe7af64b000-7fe7afd28000 r-xp 00069000 08:16 792156                     /usr/lib/x86_64-linux-gnu/dri/i965_dri.so
7fe7afd28000-7fe7afee4000 r--p 00746000 08:16 792156                     /usr/lib/x86_64-linux-gnu/dri/i965_dri.so
7fe7afee4000-7fe7afee5000 ---p 00902000 08:16 792156                     /usr/lib/x86_64-linux-gnu/dri/i965_dri.so
7fe7afee5000-7fe7aff42000 r--p 00902000 08:16 792156                     /usr/lib/x86_64-linux-gnu/dri/i965_dri.so
7fe7aff42000-7fe7aff4e000 rw-p 0095f000 08:16 792156                     /usr/lib/x86_64-linux-gnu/dri/i965_dri.so
7fe7aff4e000-7fe7b0000000 rw-p 00000000 00:00 0 
7fe7b0000000-7fe7b0050000 rw-p 00000000 00:00 0 
7fe7b0050000-7fe7b4000000 ---p 00000000 00:00 0 
7fe7b4000000-7fe7b4167000 rw-p 00000000 00:00 0 
7fe7b4167000-7fe7b8000000 ---p 00000000 00:00 0 
7fe7b8000000-7fe7b84e7000 rw-p 00000000 00:00 0 
7fe7b84e7000-7fe7bc000000 ---p 00000000 00:00 0 
7fe7bc000000-7fe7bc021000 rw-p 00000000 00:00 0 
7fe7bc021000-7fe7c0000000 ---p 00000000 00:00 0 
7fe7c0000000-7fe7c03c3000 rw-p 00000000 00:00 0 
7fe7c03c3000-7fe7c4000000 ---p 00000000 00:00 0 
7fe7c4000000-7fe7c4021000 rw-p 00000000 00:00 0 
7fe7c4021000-7fe7c8000000 ---p 00000000 00:00 0 
7fe7c8000000-7fe7c8021000 rw-p 00000000 00:00 0 
7fe7c8021000-7fe7cc000000 ---p 00000000 00:00 0 
7fe7cc000000-7fe7cc021000 rw-p 00000000 00:00 0 
7fe7cc021000-7fe7d0000000 ---p 00000000 00:00 0 
7fe7d0000000-7fe7d0021000 rw-p 00000000 00:00 0 
7fe7d0021000-7fe7d4000000 ---p 00000000 00:00 0 
7fe7d40ab000-7fe7d40b3000 rw-s 00000000 00:2f 2179                       /i915 (deleted)
7fe7d40b3000-7fe7d40c3000 rw-s 00000000 00:2f 2177                       /i915 (deleted)
7fe7d40c3000-7fe7d40d3000 rw-s 00000000 00:2f 2152                       /i915 (deleted)
7fe7d40d3000-7fe7d40db000 rw-s 00000000 00:2f 2105                       /i915 (deleted)
7fe7d40db000-7fe7d40e5000 rw-s 00000000 00:2f 2103                       /i915 (deleted)
7fe7d40e5000-7fe7d40e6000 r-xp 00000000 00:00 0 
7fe7d40e7000-7fe7d40e9000 r-xp 00000000 00:00 0 
7fe7d40e9000-7fe7d40f3000 rw-s 00000000 00:2f 1774                       /i915 (deleted)
7fe7d40f3000-7fe7d40fb000 rw-s 00000000 00:2f 1771                       /i915 (deleted)
7fe7d4100000-7fe7d410a000 rw-s 00000000 00:2f 1972                       /i915 (deleted)
7fe7d410a000-7fe7d412a000 rw-s 00000000 08:16 525544                     /home/natdev/#525544 (deleted)
7fe7d412a000-7fe7d414a000 r-xs 00000000 08:16 525544                     /home/natdev/#525544 (deleted)
7fe7d414a000-7fe7d418e000 r-xp 00000000 08:16 803810                     /tmp/lwjglnatdev/3.1.5-build-1/libjemalloc.so
7fe7d418e000-7fe7d438e000 ---p 00044000 08:16 803810                     /tmp/lwjglnatdev/3.1.5-build-1/libjemalloc.so
7fe7d438e000-7fe7d4393000 r--p 00044000 08:16 803810                     /tmp/lwjglnatdev/3.1.5-build-1/libjemalloc.so
7fe7d4393000-7fe7d4394000 rw-p 00049000 08:16 803810                     /tmp/lwjglnatdev/3.1.5-build-1/libjemalloc.so
7fe7d4394000-7fe7d45a3000 rw-p 00000000 00:00 0 
7fe7d45a3000-7fe7d45ab000 rw-s 00000000 00:2f 1735                       /i915 (deleted)
7fe7d45ab000-7fe7d45b5000 rw-s 00000000 00:2f 1730                       /i915 (deleted)
7fe7d45b5000-7fe7d45b9000 rw-s 00000000 00:2f 1699                       /i915 (deleted)
7fe7d45b9000-7fe7d46fa000 rw-s 00000000 08:16 658815                     /home/natdev/.cache/mesa_shader_cache/index
7fe7d46fa000-7fe7d4702000 r-xp 00000000 08:16 662285                     /usr/lib/x86_64-linux-gnu/libpciaccess.so.0.11.1
7fe7d4702000-7fe7d4901000 ---p 00008000 08:16 662285                     /usr/lib/x86_64-linux-gnu/libpciaccess.so.0.11.1
7fe7d4901000-7fe7d4902000 r--p 00007000 08:16 662285                     /usr/lib/x86_64-linux-gnu/libpciaccess.so.0.11.1
7fe7d4902000-7fe7d4903000 rw-p 00008000 08:16 662285                     /usr/lib/x86_64-linux-gnu/libpciaccess.so.0.11.1
7fe7d4903000-7fe7d4905000 r--p 00000000 08:16 661730                     /usr/lib/x86_64-linux-gnu/libdrm_radeon.so.1.0.1
7fe7d4905000-7fe7d490d000 r-xp 00002000 08:16 661730                     /usr/lib/x86_64-linux-gnu/libdrm_radeon.so.1.0.1
7fe7d490d000-7fe7d490f000 r--p 0000a000 08:16 661730                     /usr/lib/x86_64-linux-gnu/libdrm_radeon.so.1.0.1
7fe7d490f000-7fe7d4910000 r--p 0000b000 08:16 661730                     /usr/lib/x86_64-linux-gnu/libdrm_radeon.so.1.0.1
7fe7d4910000-7fe7d4911000 rw-p 0000c000 08:16 661730                     /usr/lib/x86_64-linux-gnu/libdrm_radeon.so.1.0.1
7fe7d4911000-7fe7d4914000 r--p 00000000 08:16 661726                     /usr/lib/x86_64-linux-gnu/libdrm_intel.so.1.0.0
7fe7d4914000-7fe7d492a000 r-xp 00003000 08:16 661726                     /usr/lib/x86_64-linux-gnu/libdrm_intel.so.1.0.0
7fe7d492a000-7fe7d4934000 r--p 00019000 08:16 661726                     /usr/lib/x86_64-linux-gnu/libdrm_intel.so.1.0.0
7fe7d4934000-7fe7d4935000 r--p 00022000 08:16 661726                     /usr/lib/x86_64-linux-gnu/libdrm_intel.so.1.0.0
7fe7d4935000-7fe7d4936000 rw-p 00023000 08:16 661726                     /usr/lib/x86_64-linux-gnu/libdrm_intel.so.1.0.0
7fe7d4936000-7fe7d493a000 r--p 00000000 08:16 661722                     /usr/lib/x86_64-linux-gnu/libdrm.so.2.4.0
7fe7d493a000-7fe7d4943000 r-xp 00004000 08:16 661722                     /usr/lib/x86_64-linux-gnu/libdrm.so.2.4.0
7fe7d4943000-7fe7d4946000 r--p 0000d000 08:16 661722                     /usr/lib/x86_64-linux-gnu/libdrm.so.2.4.0
7fe7d4946000-7fe7d4947000 ---p 00010000 08:16 661722                     /usr/lib/x86_64-linux-gnu/libdrm.so.2.4.0
7fe7d4947000-7fe7d4948000 r--p 00010000 08:16 661722                     /usr/lib/x86_64-linux-gnu/libdrm.so.2.4.0
7fe7d4948000-7fe7d4949000 rw-p 00011000 08:16 661722                     /usr/lib/x86_64-linux-gnu/libdrm.so.2.4.0
7fe7d4949000-7fe7d4954000 r--p 00000000 08:16 662607                     /usr/lib/x86_64-linux-gnu/libxcb-glx.so.0.0.0
7fe7d4954000-7fe7d495d000 r-xp 0000b000 08:16 662607                     /usr/lib/x86_64-linux-gnu/libxcb-glx.so.0.0.0
7fe7d495d000-7fe7d4962000 r--p 00014000 08:16 662607                     /usr/lib/x86_64-linux-gnu/libxcb-glx.so.0.0.0
7fe7d4962000-7fe7d4963000 ---p 00019000 08:16 662607                     /usr/lib/x86_64-linux-gnu/libxcb-glx.so.0.0.0
7fe7d4963000-7fe7d4965000 r--p 00019000 08:16 662607                     /usr/lib/x86_64-linux-gnu/libxcb-glx.so.0.0.0
7fe7d4965000-7fe7d4966000 rw-p 0001b000 08:16 662607                     /usr/lib/x86_64-linux-gnu/libxcb-glx.so.0.0.0
7fe7d4966000-7fe7d4968000 r-xp 00000000 08:16 661465                     /usr/lib/x86_64-linux-gnu/libXdamage.so.1.1.0
7fe7d4968000-7fe7d4b67000 ---p 00002000 08:16 661465                     /usr/lib/x86_64-linux-gnu/libXdamage.so.1.1.0
7fe7d4b67000-7fe7d4b68000 r--p 00001000 08:16 661465                     /usr/lib/x86_64-linux-gnu/libXdamage.so.1.1.0
7fe7d4b68000-7fe7d4b69000 rw-p 00002000 08:16 661465                     /usr/lib/x86_64-linux-gnu/libXdamage.so.1.1.0
7fe7d4b69000-7fe7d4b74000 r--p 00000000 08:16 661886                     /usr/lib/x86_64-linux-gnu/libglapi.so.0.0.0
7fe7d4b74000-7fe7d4b80000 r-xp 0000b000 08:16 661886                     /usr/lib/x86_64-linux-gnu/libglapi.so.0.0.0
7fe7d4b80000-7fe7d4b96000 r--p 00017000 08:16 661886                     /usr/lib/x86_64-linux-gnu/libglapi.so.0.0.0
7fe7d4b96000-7fe7d4b9a000 r--p 0002c000 08:16 661886                     /usr/lib/x86_64-linux-gnu/libglapi.so.0.0.0
7fe7d4b9a000-7fe7d4b9b000 rw-p 00030000 08:16 661886                     /usr/lib/x86_64-linux-gnu/libglapi.so.0.0.0
7fe7d4b9b000-7fe7d4b9c000 rw-p 00000000 00:00 0 
7fe7d4b9c000-7fe7d4b9d000 r-xp 00000000 08:16 662655                     /usr/lib/x86_64-linux-gnu/libxshmfence.so.1.0.0
7fe7d4b9d000-7fe7d4d9c000 ---p 00001000 08:16 662655                     /usr/lib/x86_64-linux-gnu/libxshmfence.so.1.0.0
7fe7d4d9c000-7fe7d4d9d000 r--p 00000000 08:16 662655                     /usr/lib/x86_64-linux-gnu/libxshmfence.so.1.0.0
7fe7d4d9d000-7fe7d4d9e000 rw-p 00001000 08:16 662655                     /usr/lib/x86_64-linux-gnu/libxshmfence.so.1.0.0
7fe7d4d9e000-7fe7d4da2000 r--p 00000000 08:16 398663                     /lib/x86_64-linux-gnu/libexpat.so.1.6.8
7fe7d4da2000-7fe7d4dc3000 r-xp 00004000 08:16 398663                     /lib/x86_64-linux-gnu/libexpat.so.1.6.8
7fe7d4dc3000-7fe7d4dd7000 r--p 00025000 08:16 398663                     /lib/x86_64-linux-gnu/libexpat.so.1.6.8
7fe7d4dd7000-7fe7d4dd8000 ---p 00039000 08:16 398663                     /lib/x86_64-linux-gnu/libexpat.so.1.6.8
7fe7d4dd8000-7fe7d4dda000 r--p 00039000 08:16 398663                     /lib/x86_64-linux-gnu/libexpat.so.1.6.8
7fe7d4dda000-7fe7d4ddb000 rw-p 0003b000 08:16 398663                     /lib/x86_64-linux-gnu/libexpat.so.1.6.8
7fe7d4ddb000-7fe7d4df4000 r--p 00000000 08:16 661416                     /usr/lib/x86_64-linux-gnu/libGLX_mesa.so.0.0.0
7fe7d4df4000-7fe7d4e37000 r-xp 00019000 08:16 661416                     /usr/lib/x86_64-linux-gnu/libGLX_mesa.so.0.0.0
7fe7d4e37000-7fe7d4e4e000 r--p 0005c000 08:16 661416                     /usr/lib/x86_64-linux-gnu/libGLX_mesa.so.0.0.0
7fe7d4e4e000-7fe7d4e4f000 ---p 00073000 08:16 661416                     /usr/lib/x86_64-linux-gnu/libGLX_mesa.so.0.0.0
7fe7d4e4f000-7fe7d4e52000 r--p 00073000 08:16 661416                     /usr/lib/x86_64-linux-gnu/libGLX_mesa.so.0.0.0
7fe7d4e52000-7fe7d4e53000 rw-p 00076000 08:16 661416                     /usr/lib/x86_64-linux-gnu/libGLX_mesa.so.0.0.0
7fe7d4e53000-7fe7d4e54000 rw-p 00000000 00:00 0 
7fe7d4e54000-7fe7d4e94000 r--p 00000000 08:16 661418                     /usr/lib/x86_64-linux-gnu/libGLdispatch.so.0.0.0
7fe7d4e94000-7fe7d4eb3000 r-xp 00040000 08:16 661418                     /usr/lib/x86_64-linux-gnu/libGLdispatch.so.0.0.0
7fe7d4eb3000-7fe7d4ec6000 r--p 0005f000 08:16 661418                     /usr/lib/x86_64-linux-gnu/libGLdispatch.so.0.0.0
7fe7d4ec6000-7fe7d4ec7000 ---p 00072000 08:16 661418                     /usr/lib/x86_64-linux-gnu/libGLdispatch.so.0.0.0
7fe7d4ec7000-7fe7d4ef0000 r--p 00072000 08:16 661418                     /usr/lib/x86_64-linux-gnu/libGLdispatch.so.0.0.0
7fe7d4ef0000-7fe7d4ef1000 rw-p 0009b000 08:16 661418                     /usr/lib/x86_64-linux-gnu/libGLdispatch.so.0.0.0
7fe7d4ef1000-7fe7d4f11000 rw-p 00000000 00:00 0 
7fe7d4f11000-7fe7d4f54000 r--p 00000000 08:16 661407                     /usr/lib/x86_64-linux-gnu/libGL.so.1.7.0
7fe7d4f54000-7fe7d4f73000 r-xp 00043000 08:16 661407                     /usr/lib/x86_64-linux-gnu/libGL.so.1.7.0
7fe7d4f73000-7fe7d4f88000 r--p 00062000 08:16 661407                     /usr/lib/x86_64-linux-gnu/libGL.so.1.7.0
7fe7d4f88000-7fe7d4f89000 ---p 00077000 08:16 661407                     /usr/lib/x86_64-linux-gnu/libGL.so.1.7.0
7fe7d4f89000-7fe7d4fa3000 r--p 00077000 08:16 661407                     /usr/lib/x86_64-linux-gnu/libGL.so.1.7.0
7fe7d4fa3000-7fe7d4fa4000 rw-p 00091000 08:16 661407                     /usr/lib/x86_64-linux-gnu/libGL.so.1.7.0
7fe7d4fa4000-7fe7d4fa5000 rw-p 00000000 00:00 0 
7fe7d4fa5000-7fe7d4faa000 r-xp 00000000 08:16 661471                     /usr/lib/x86_64-linux-gnu/libXfixes.so.3.1.0
7fe7d4faa000-7fe7d51a9000 ---p 00005000 08:16 661471                     /usr/lib/x86_64-linux-gnu/libXfixes.so.3.1.0
7fe7d51a9000-7fe7d51aa000 r--p 00004000 08:16 661471                     /usr/lib/x86_64-linux-gnu/libXfixes.so.3.1.0
7fe7d51aa000-7fe7d51ab000 rw-p 00005000 08:16 661471                     /usr/lib/x86_64-linux-gnu/libXfixes.so.3.1.0
7fe7d53b5000-7fe7d53be000 r-xp 00000000 08:16 661489                     /usr/lib/x86_64-linux-gnu/libXrender.so.1.3.0
7fe7d53be000-7fe7d55bd000 ---p 00009000 08:16 661489                     /usr/lib/x86_64-linux-gnu/libXrender.so.1.3.0
7fe7d55bd000-7fe7d55be000 r--p 00008000 08:16 661489                     /usr/lib/x86_64-linux-gnu/libXrender.so.1.3.0
7fe7d55be000-7fe7d55bf000 rw-p 00009000 08:16 661489                     /usr/lib/x86_64-linux-gnu/libXrender.so.1.3.0
7fe7d57ca000-7fe7d57d9000 r-xp 00000000 08:16 661477                     /usr/lib/x86_64-linux-gnu/libXi.so.6.1.0
7fe7d57d9000-7fe7d59d8000 ---p 0000f000 08:16 661477                     /usr/lib/x86_64-linux-gnu/libXi.so.6.1.0
7fe7d59d8000-7fe7d59d9000 r--p 0000e000 08:16 661477                     /usr/lib/x86_64-linux-gnu/libXi.so.6.1.0
7fe7d59d9000-7fe7d59da000 rw-p 0000f000 08:16 661477                     /usr/lib/x86_64-linux-gnu/libXi.so.6.1.0
7fe7d59da000-7fe7d59eb000 r-xp 00000000 08:16 661469                     /usr/lib/x86_64-linux-gnu/libXext.so.6.4.0
7fe7d59eb000-7fe7d5bea000 ---p 00011000 08:16 661469                     /usr/lib/x86_64-linux-gnu/libXext.so.6.4.0
7fe7d5bea000-7fe7d5beb000 r--p 00010000 08:16 661469                     /usr/lib/x86_64-linux-gnu/libXext.so.6.4.0
7fe7d5beb000-7fe7d5bec000 rw-p 00011000 08:16 661469                     /usr/lib/x86_64-linux-gnu/libXext.so.6.4.0
7fe7d5bec000-7fe7d5bf1000 r-xp 00000000 08:16 661505                     /usr/lib/x86_64-linux-gnu/libXxf86vm.so.1.0.0
7fe7d5bf1000-7fe7d5df0000 ---p 00005000 08:16 661505                     /usr/lib/x86_64-linux-gnu/libXxf86vm.so.1.0.0
7fe7d5df0000-7fe7d5df1000 r--p 00004000 08:16 661505                     /usr/lib/x86_64-linux-gnu/libXxf86vm.so.1.0.0
7fe7d5df1000-7fe7d5df2000 rw-p 00005000 08:16 661505                     /usr/lib/x86_64-linux-gnu/libXxf86vm.so.1.0.0
7fe7d5df2000-7fe7d5e07000 r-xp 00000000 08:16 398631                     /lib/x86_64-linux-gnu/libbsd.so.0.9.1
7fe7d5e07000-7fe7d6006000 ---p 00015000 08:16 398631                     /lib/x86_64-linux-gnu/libbsd.so.0.9.1
7fe7d6006000-7fe7d6007000 r--p 00014000 08:16 398631                     /lib/x86_64-linux-gnu/libbsd.so.0.9.1
7fe7d6007000-7fe7d6008000 rw-p 00015000 08:16 398631                     /lib/x86_64-linux-gnu/libbsd.so.0.9.1
7fe7d6008000-7fe7d6009000 rw-p 00000000 00:00 0 
7fe7d6009000-7fe7d600e000 r-xp 00000000 08:16 661467                     /usr/lib/x86_64-linux-gnu/libXdmcp.so.6.0.0
7fe7d600e000-7fe7d620d000 ---p 00005000 08:16 661467                     /usr/lib/x86_64-linux-gnu/libXdmcp.so.6.0.0
7fe7d620d000-7fe7d620e000 r--p 00004000 08:16 661467                     /usr/lib/x86_64-linux-gnu/libXdmcp.so.6.0.0
7fe7d620e000-7fe7d620f000 rw-p 00005000 08:16 661467                     /usr/lib/x86_64-linux-gnu/libXdmcp.so.6.0.0
7fe7d620f000-7fe7d6211000 r-xp 00000000 08:16 661456                     /usr/lib/x86_64-linux-gnu/libXau.so.6.0.0
7fe7d6211000-7fe7d6411000 ---p 00002000 08:16 661456                     /usr/lib/x86_64-linux-gnu/libXau.so.6.0.0
7fe7d6411000-7fe7d6412000 r--p 00002000 08:16 661456                     /usr/lib/x86_64-linux-gnu/libXau.so.6.0.0
7fe7d6412000-7fe7d6413000 rw-p 00003000 08:16 661456                     /usr/lib/x86_64-linux-gnu/libXau.so.6.0.0
7fe7d6413000-7fe7d642b000 r--p 00000000 08:16 661452                     /usr/lib/x86_64-linux-gnu/libX11.so.6.3.0
7fe7d642b000-7fe7d64b3000 r-xp 00018000 08:16 661452                     /usr/lib/x86_64-linux-gnu/libX11.so.6.3.0
7fe7d64b3000-7fe7d6547000 r--p 000a0000 08:16 661452                     /usr/lib/x86_64-linux-gnu/libX11.so.6.3.0
7fe7d6547000-7fe7d6548000 ---p 00134000 08:16 661452                     /usr/lib/x86_64-linux-gnu/libX11.so.6.3.0
7fe7d6548000-7fe7d6549000 r--p 00134000 08:16 661452                     /usr/lib/x86_64-linux-gnu/libX11.so.6.3.0
7fe7d6549000-7fe7d654d000 rw-p 00135000 08:16 661452                     /usr/lib/x86_64-linux-gnu/libX11.so.6.3.0
7fe7d654d000-7fe7d657c000 r-xp 00000000 08:16 803809                     /tmp/lwjglnatdev/3.1.5-build-1/libglfw.so
7fe7d657c000-7fe7d677b000 ---p 0002f000 08:16 803809                     /tmp/lwjglnatdev/3.1.5-build-1/libglfw.so
7fe7d677b000-7fe7d677c000 r--p 0002e000 08:16 803809                     /tmp/lwjglnatdev/3.1.5-build-1/libglfw.so
7fe7d677c000-7fe7d677d000 rw-p 0002f000 08:16 803809                     /tmp/lwjglnatdev/3.1.5-build-1/libglfw.so
7fe7d677d000-7fe7d679e000 rw-p 00000000 00:00 0 
7fe7d679e000-7fe7d67f1000 r-xp 00000000 08:16 803808                     /tmp/lwjglnatdev/3.1.5-build-1/liblwjgl.so
7fe7d67f1000-7fe7d69f0000 ---p 00053000 08:16 803808                     /tmp/lwjglnatdev/3.1.5-build-1/liblwjgl.so
7fe7d69f0000-7fe7d69f1000 r--p 00052000 08:16 803808                     /tmp/lwjglnatdev/3.1.5-build-1/liblwjgl.so
7fe7d69f1000-7fe7d69f2000 rw-p 00053000 08:16 803808                     /tmp/lwjglnatdev/3.1.5-build-1/liblwjgl.so
7fe7d69f2000-7fe7d6bf2000 rw-p 00000000 00:00 0 
7fe7d6bf2000-7fe7d6bf5000 ---p 00000000 00:00 0 
7fe7d6bf5000-7fe7d6ef3000 rw-p 00000000 00:00 0 
7fe7d6ef3000-7fe7d6ef6000 ---p 00000000 00:00 0 
7fe7d6ef6000-7fe7d6ff4000 rw-p 00000000 00:00 0 
7fe7d6ff4000-7fe7d6ff7000 ---p 00000000 00:00 0 
7fe7d6ff7000-7fe7d70f5000 rw-p 00000000 00:00 0 
7fe7d70f5000-7fe7d70f8000 ---p 00000000 00:00 0 
7fe7d70f8000-7fe7d71f6000 rw-p 00000000 00:00 0 
7fe7d71f6000-7fe7d71f9000 ---p 00000000 00:00 0 
7fe7d71f9000-7fe7d72f7000 rw-p 00000000 00:00 0 
7fe7d72f7000-7fe7d72fa000 ---p 00000000 00:00 0 
7fe7d72fa000-7fe7d73f8000 rw-p 00000000 00:00 0 
7fe7d73f8000-7fe7d73fb000 ---p 00000000 00:00 0 
7fe7d73fb000-7fe7d74f9000 rw-p 00000000 00:00 0 
7fe7d74f9000-7fe7d74fc000 ---p 00000000 00:00 0 
7fe7d74fc000-7fe7d77f8000 rw-p 00000000 00:00 0 
7fe7d77f8000-7fe7d77fa000 ---p 00000000 00:00 0 
7fe7d77fa000-7fe7d77fd000 ---p 00000000 00:00 0 
7fe7d77fd000-7fe7d78fb000 rw-p 00000000 00:00 0 
7fe7d78fb000-7fe7d78fe000 ---p 00000000 00:00 0 
7fe7d78fe000-7fe7d79fc000 rw-p 00000000 00:00 0 
7fe7d79fc000-7fe7d79ff000 ---p 00000000 00:00 0 
7fe7d79ff000-7fe7d7afd000 rw-p 00000000 00:00 0 
7fe7d7afd000-7fe7d7b00000 ---p 00000000 00:00 0 
7fe7d7b00000-7fe7d7bfe000 rw-p 00000000 00:00 0 
7fe7d7bfe000-7fe7d7c01000 ---p 00000000 00:00 0 
7fe7d7c01000-7fe7d7eff000 rw-p 00000000 00:00 0 
7fe7d7eff000-7fe7d7f02000 ---p 00000000 00:00 0 
7fe7d7f02000-7fe7d8000000 rw-p 00000000 00:00 0 
7fe7d8000000-7fe7d8021000 rw-p 00000000 00:00 0 
7fe7d8021000-7fe7dc000000 ---p 00000000 00:00 0 
7fe7dc000000-7fe7dc021000 rw-p 00000000 00:00 0 
7fe7dc021000-7fe7e0000000 ---p 00000000 00:00 0 
7fe7e0000000-7fe7e0021000 rw-p 00000000 00:00 0 
7fe7e0021000-7fe7e4000000 ---p 00000000 00:00 0 
7fe7e4000000-7fe7e4079000 rw-p 00000000 00:00 0 
7fe7e4079000-7fe7e8000000 ---p 00000000 00:00 0 
7fe7e8000000-7fe7e8021000 rw-p 00000000 00:00 0 
7fe7e8021000-7fe7ec000000 ---p 00000000 00:00 0 
7fe7ec000000-7fe7ec021000 rw-p 00000000 00:00 0 
7fe7ec021000-7fe7f0000000 ---p 00000000 00:00 0 
7fe7f0000000-7fe7f089f000 rw-p 00000000 00:00 0 
7fe7f089f000-7fe7f4000000 ---p 00000000 00:00 0 
7fe7f4000000-7fe7f4050000 rw-p 00000000 00:00 0 
7fe7f4050000-7fe7f8000000 ---p 00000000 00:00 0 
7fe7f8000000-7fe7f8021000 rw-p 00000000 00:00 0 
7fe7f8021000-7fe7fc000000 ---p 00000000 00:00 0 
7fe7fc000000-7fe7fc021000 rw-p 00000000 00:00 0 
7fe7fc021000-7fe800000000 ---p 00000000 00:00 0 
7fe800000000-7fe80175b000 rw-p 00000000 00:00 0 
7fe80175b000-7fe804000000 ---p 00000000 00:00 0 
7fe804000000-7fe80497b000 rw-p 00000000 00:00 0 
7fe80497b000-7fe808000000 ---p 00000000 00:00 0 
7fe808000000-7fe808021000 rw-p 00000000 00:00 0 
7fe808021000-7fe80c000000 ---p 00000000 00:00 0 
7fe80c000000-7fe80d445000 rw-p 00000000 00:00 0 
7fe80d445000-7fe810000000 ---p 00000000 00:00 0 
7fe810000000-7fe810021000 rw-p 00000000 00:00 0 
7fe810021000-7fe814000000 ---p 00000000 00:00 0 
7fe814000000-7fe814021000 rw-p 00000000 00:00 0 
7fe814021000-7fe818000000 ---p 00000000 00:00 0 
7fe818000000-7fe818021000 rw-p 00000000 00:00 0 
7fe818021000-7fe81c000000 ---p 00000000 00:00 0 
7fe81c000000-7fe81c032000 rw-p 00000000 00:00 0 
7fe81c032000-7fe820000000 ---p 00000000 00:00 0 
7fe820000000-7fe820021000 rw-p 00000000 00:00 0 
7fe820021000-7fe824000000 ---p 00000000 00:00 0 
7fe824000000-7fe824002000 r--p 00000000 08:16 661728                     /usr/lib/x86_64-linux-gnu/libdrm_nouveau.so.2.0.0
7fe824002000-7fe824007000 r-xp 00002000 08:16 661728                     /usr/lib/x86_64-linux-gnu/libdrm_nouveau.so.2.0.0
7fe824007000-7fe824009000 r--p 00007000 08:16 661728                     /usr/lib/x86_64-linux-gnu/libdrm_nouveau.so.2.0.0
7fe824009000-7fe82400a000 r--p 00008000 08:16 661728                     /usr/lib/x86_64-linux-gnu/libdrm_nouveau.so.2.0.0
7fe82400a000-7fe82400b000 rw-p 00009000 08:16 661728                     /usr/lib/x86_64-linux-gnu/libdrm_nouveau.so.2.0.0
7fe82400b000-7fe82400d000 r--p 00000000 08:16 662603                     /usr/lib/x86_64-linux-gnu/libxcb-dri2.so.0.0.0
7fe82400d000-7fe82400f000 r-xp 00002000 08:16 662603                     /usr/lib/x86_64-linux-gnu/libxcb-dri2.so.0.0.0
7fe82400f000-7fe824010000 r--p 00004000 08:16 662603                     /usr/lib/x86_64-linux-gnu/libxcb-dri2.so.0.0.0
7fe824010000-7fe824011000 r--p 00004000 08:16 662603                     /usr/lib/x86_64-linux-gnu/libxcb-dri2.so.0.0.0
7fe824011000-7fe824012000 rw-p 00005000 08:16 662603                     /usr/lib/x86_64-linux-gnu/libxcb-dri2.so.0.0.0
7fe824012000-7fe824015000 r--p 00000000 08:16 662629                     /usr/lib/x86_64-linux-gnu/libxcb-sync.so.1.0.0
7fe824015000-7fe824018000 r-xp 00003000 08:16 662629                     /usr/lib/x86_64-linux-gnu/libxcb-sync.so.1.0.0
7fe824018000-7fe824019000 r--p 00006000 08:16 662629                     /usr/lib/x86_64-linux-gnu/libxcb-sync.so.1.0.0
7fe824019000-7fe82401a000 ---p 00007000 08:16 662629                     /usr/lib/x86_64-linux-gnu/libxcb-sync.so.1.0.0
7fe82401a000-7fe82401b000 r--p 00007000 08:16 662629                     /usr/lib/x86_64-linux-gnu/libxcb-sync.so.1.0.0
7fe82401b000-7fe82401c000 rw-p 00008000 08:16 662629                     /usr/lib/x86_64-linux-gnu/libxcb-sync.so.1.0.0
7fe82401c000-7fe82401f000 r--p 00000000 08:16 661413                     /usr/lib/x86_64-linux-gnu/libGLX.so.0.0.0
7fe82401f000-7fe82402a000 r-xp 00003000 08:16 661413                     /usr/lib/x86_64-linux-gnu/libGLX.so.0.0.0
7fe82402a000-7fe82402d000 r--p 0000e000 08:16 661413                     /usr/lib/x86_64-linux-gnu/libGLX.so.0.0.0
7fe82402d000-7fe82402e000 ---p 00011000 08:16 661413                     /usr/lib/x86_64-linux-gnu/libGLX.so.0.0.0
7fe82402e000-7fe82402f000 r--p 00011000 08:16 661413                     /usr/lib/x86_64-linux-gnu/libGLX.so.0.0.0
7fe82402f000-7fe824030000 rw-p 00012000 08:16 661413                     /usr/lib/x86_64-linux-gnu/libGLX.so.0.0.0
7fe824030000-7fe824050000 rw-p 00000000 00:00 0 
7fe824051000-7fe824053000 r-xp 00000000 00:00 0 
7fe824065000-7fe824066000 r--p 00000000 08:16 661450                     /usr/lib/x86_64-linux-gnu/libX11-xcb.so.1.0.0
7fe824066000-7fe824067000 r-xp 00001000 08:16 661450                     /usr/lib/x86_64-linux-gnu/libX11-xcb.so.1.0.0
7fe824067000-7fe824068000 r--p 00002000 08:16 661450                     /usr/lib/x86_64-linux-gnu/libX11-xcb.so.1.0.0
7fe824068000-7fe824069000 r--p 00002000 08:16 661450                     /usr/lib/x86_64-linux-gnu/libX11-xcb.so.1.0.0
7fe824069000-7fe82406a000 rw-p 00003000 08:16 661450                     /usr/lib/x86_64-linux-gnu/libX11-xcb.so.1.0.0
7fe82406f000-7fe82407a000 r--p 00000000 08:16 662639                     /usr/lib/x86_64-linux-gnu/libxcb.so.1.1.0
7fe82407a000-7fe82408d000 r-xp 0000b000 08:16 662639                     /usr/lib/x86_64-linux-gnu/libxcb.so.1.1.0
7fe82408d000-7fe824096000 r--p 0001e000 08:16 662639                     /usr/lib/x86_64-linux-gnu/libxcb.so.1.1.0
7fe824096000-7fe824097000 r--p 00026000 08:16 662639                     /usr/lib/x86_64-linux-gnu/libxcb.so.1.1.0
7fe824097000-7fe824098000 rw-p 00027000 08:16 662639                     /usr/lib/x86_64-linux-gnu/libxcb.so.1.1.0
7fe824098000-7fe824099000 r-xp 00000000 00:00 0 
7fe82409a000-7fe82409b000 rwxp 00000000 00:00 0 
7fe82409b000-7fe82409c000 r--p 00000000 08:16 662615                     /usr/lib/x86_64-linux-gnu/libxcb-present.so.0.0.0
7fe82409c000-7fe82409d000 r-xp 00001000 08:16 662615                     /usr/lib/x86_64-linux-gnu/libxcb-present.so.0.0.0
7fe82409d000-7fe82409e000 r--p 00002000 08:16 662615                     /usr/lib/x86_64-linux-gnu/libxcb-present.so.0.0.0
7fe82409e000-7fe82409f000 r--p 00002000 08:16 662615                     /usr/lib/x86_64-linux-gnu/libxcb-present.so.0.0.0
7fe82409f000-7fe8240a0000 rw-p 00003000 08:16 662615                     /usr/lib/x86_64-linux-gnu/libxcb-present.so.0.0.0
7fe8240a0000-7fe8240a2000 r--p 00000000 08:16 662605                     /usr/lib/x86_64-linux-gnu/libxcb-dri3.so.0.0.0
7fe8240a2000-7fe8240a3000 r-xp 00002000 08:16 662605                     /usr/lib/x86_64-linux-gnu/libxcb-dri3.so.0.0.0
7fe8240a3000-7fe8240a4000 r--p 00003000 08:16 662605                     /usr/lib/x86_64-linux-gnu/libxcb-dri3.so.0.0.0
7fe8240a4000-7fe8240a5000 r--p 00003000 08:16 662605                     /usr/lib/x86_64-linux-gnu/libxcb-dri3.so.0.0.0
7fe8240a5000-7fe8240a6000 rw-p 00004000 08:16 662605                     /usr/lib/x86_64-linux-gnu/libxcb-dri3.so.0.0.0
7fe8240a6000-7fe8240ad000 r--s 00000000 08:16 792650                     /usr/lib/x86_64-linux-gnu/gconv/gconv-modules.cache
7fe8240ad000-7fe8240b4000 r--p 00000000 08:16 230                        /usr/lib/jvm/java-8-openjdk-amd64/jre/lib/amd64/libnio.so
7fe8240b4000-7fe8240bc000 r-xp 00007000 08:16 230                        /usr/lib/jvm/java-8-openjdk-amd64/jre/lib/amd64/libnio.so
7fe8240bc000-7fe8240bf000 r--p 0000f000 08:16 230                        /usr/lib/jvm/java-8-openjdk-amd64/jre/lib/amd64/libnio.so
7fe8240bf000-7fe8240c0000 r--p 00011000 08:16 230                        /usr/lib/jvm/java-8-openjdk-amd64/jre/lib/amd64/libnio.so
7fe8240c0000-7fe8240c1000 rw-p 00012000 08:16 230                        /usr/lib/jvm/java-8-openjdk-amd64/jre/lib/amd64/libnio.so
7fe8240c1000-7fe8240c4000 ---p 00000000 00:00 0 
7fe8240c4000-7fe8243c2000 rw-p 00000000 00:00 0 
7fe8243c2000-7fe8245c2000 rw-p 00000000 00:00 0 
7fe8245c2000-7fe82463b000 r--s 01101000 08:16 674                        /usr/lib/jvm/java-8-openjdk-amd64/lib/tools.jar
7fe82463b000-7fe82483b000 rw-p 00000000 00:00 0 
7fe82483b000-7fe82483e000 ---p 00000000 00:00 0 
7fe82483e000-7fe82493c000 rw-p 00000000 00:00 0 
7fe82493c000-7fe82493f000 ---p 00000000 00:00 0 
7fe82493f000-7fe824a3d000 rw-p 00000000 00:00 0 
7fe824a3d000-7fe824a40000 ---p 00000000 00:00 0 
7fe824a40000-7fe824b3e000 rw-p 00000000 00:00 0 
7fe824b3e000-7fe824b41000 ---p 00000000 00:00 0 
7fe824b41000-7fe824c3f000 rw-p 00000000 00:00 0 
7fe824c3f000-7fe824c42000 ---p 00000000 00:00 0 
7fe824c42000-7fe824d40000 rw-p 00000000 00:00 0 
7fe824d40000-7fe824d44000 r--p 00000000 08:16 229                        /usr/lib/jvm/java-8-openjdk-amd64/jre/lib/amd64/libnet.so
7fe824d44000-7fe824d53000 r-xp 00004000 08:16 229                        /usr/lib/jvm/java-8-openjdk-amd64/jre/lib/amd64/libnet.so
7fe824d53000-7fe824d57000 r--p 00013000 08:16 229                        /usr/lib/jvm/java-8-openjdk-amd64/jre/lib/amd64/libnet.so
7fe824d57000-7fe824d58000 r--p 00016000 08:16 229                        /usr/lib/jvm/java-8-openjdk-amd64/jre/lib/amd64/libnet.so
7fe824d58000-7fe824d59000 rw-p 00017000 08:16 229                        /usr/lib/jvm/java-8-openjdk-amd64/jre/lib/amd64/libnet.so
7fe824d59000-7fe824f59000 rw-p 00000000 00:00 0 
7fe824f59000-7fe824f5c000 ---p 00000000 00:00 0 
7fe824f5c000-7fe82505a000 rw-p 00000000 00:00 0 
7fe82505a000-7fe82506d000 r--s 00346000 08:16 279                        /usr/lib/jvm/java-8-openjdk-amd64/jre/lib/resources.jar
7fe82506d000-7fe825070000 ---p 00000000 00:00 0 
7fe825070000-7fe82536e000 rw-p 00000000 00:00 0 
7fe82536e000-7fe82556e000 rw-p 00000000 00:00 0 
7fe82556e000-7fe825573000 r--s 000a0000 08:16 274                        /usr/lib/jvm/java-8-openjdk-amd64/jre/lib/jsse.jar
7fe825573000-7fe825773000 rw-p 00000000 00:00 0 
7fe825773000-7fe825774000 r--s 0000e000 08:16 411503                     /home/natdev/.m2/repository/org/lwjgl/lwjgl-tinyexr/3.1.5/lwjgl-tinyexr-3.1.5-natives-linux.jar
7fe825774000-7fe825780000 r--s 00085000 08:16 664576                     /home/natdev/.m2/repository/org/clojure/spec.alpha/0.1.143/spec.alpha-0.1.143.jar
7fe825780000-7fe825781000 r--s 00029000 08:16 411541                     /home/natdev/.m2/repository/org/lwjgl/lwjgl-yoga/3.1.5/lwjgl-yoga-3.1.5-natives-windows.jar
7fe825781000-7fe825782000 r--s 00002000 08:16 411462                     /home/natdev/.m2/repository/org/lwjgl/lwjgl-par/3.1.5/lwjgl-par-3.1.5.jar
7fe825782000-7fe825784000 r--s 00009000 08:16 411502                     /home/natdev/.m2/repository/org/lwjgl/lwjgl-tinyexr/3.1.5/lwjgl-tinyexr-3.1.5.jar
7fe825784000-7fe825785000 r--s 00020000 08:16 411400                     /home/natdev/.m2/repository/org/lwjgl/lwjgl-lz4/3.1.5/lwjgl-lz4-3.1.5-natives-windows.jar
7fe825785000-7fe825786000 r--s 00001000 08:16 411532                     /home/natdev/.m2/repository/org/lwjgl/lwjgl-xxhash/3.1.5/lwjgl-xxhash-3.1.5-natives-linux.jar
7fe825786000-7fe825787000 r--s 00030000 08:16 411496                     /home/natdev/.m2/repository/org/lwjgl/lwjgl-stb/3.1.5/lwjgl-stb-3.1.5-natives-linux.jar
7fe825787000-7fe825788000 r--s 00040000 08:16 411424                     /home/natdev/.m2/repository/org/lwjgl/lwjgl-nuklear/3.1.5/lwjgl-nuklear-3.1.5-natives-windows.jar
7fe825788000-7fe825789000 r--s 0002a000 08:16 411498                     /home/natdev/.m2/repository/org/lwjgl/lwjgl-stb/3.1.5/lwjgl-stb-3.1.5-natives-macos.jar
7fe825789000-7fe82578e000 r--s 00043000 08:16 411454                     /home/natdev/.m2/repository/org/lwjgl/lwjgl-openvr/3.1.5/lwjgl-openvr-3.1.5.jar
7fe82578e000-7fe82578f000 r--s 00004000 08:16 411450                     /home/natdev/.m2/repository/org/lwjgl/lwjgl-opengles/3.1.5/lwjgl-opengles-3.1.5-natives-macos.jar
7fe82578f000-7fe825790000 r--s 0000c000 08:16 411388                     /home/natdev/.m2/repository/org/lwjgl/lwjgl-lmdb/3.1.5/lwjgl-lmdb-3.1.5-natives-linux.jar
7fe825790000-7fe825791000 r--s 00005000 08:16 411475                     /home/natdev/.m2/repository/org/lwjgl/lwjgl-remotery/3.1.5/lwjgl-remotery-3.1.5-natives-macos.jar
7fe825791000-7fe8257a3000 r--s 0013c000 08:16 411526                     /home/natdev/.m2/repository/org/lwjgl/lwjgl-vulkan/3.1.5/lwjgl-vulkan-3.1.5.jar
7fe8257a3000-7fe8257a4000 r--s 00002000 08:16 411339                     /home/natdev/.m2/repository/org/l33tlabs/twl/pngdecoder/1.0/pngdecoder-1.0.jar
7fe8257a4000-7fe8257a5000 r--s 0001f000 08:16 411417                     /home/natdev/.m2/repository/org/lwjgl/lwjgl-nfd/3.1.5/lwjgl-nfd-3.1.5-natives-windows.jar
7fe8257a5000-7fe8257a7000 r--s 00015000 08:16 411494                     /home/natdev/.m2/repository/org/lwjgl/lwjgl-stb/3.1.5/lwjgl-stb-3.1.5.jar
7fe8257a7000-7fe8257a8000 r--s 00031000 08:16 411468                     /home/natdev/.m2/repository/org/lwjgl/lwjgl-par/3.1.5/lwjgl-par-3.1.5-natives-windows.jar
7fe8257a8000-7fe8257a9000 r--s 00010000 08:16 411505                     /home/natdev/.m2/repository/org/lwjgl/lwjgl-tinyexr/3.1.5/lwjgl-tinyexr-3.1.5-natives-macos.jar
7fe8257a9000-7fe8257ab000 r--s 00012000 08:16 411343                     /home/natdev/.m2/repository/org/lwjgl/lwjgl/3.1.5/lwjgl-3.1.5-natives-linux.jar
7fe8257ab000-7fe8257ac000 r--s 0000a000 08:16 411539                     /home/natdev/.m2/repository/org/lwjgl/lwjgl-yoga/3.1.5/lwjgl-yoga-3.1.5-natives-macos.jar
7fe8257ac000-7fe8257ad000 r--s 00016000 08:16 411440                     /home/natdev/.m2/repository/org/lwjgl/lwjgl-opengl/3.1.5/lwjgl-opengl-3.1.5-natives-linux.jar
7fe8257ad000-7fe8257b3000 r--s 0005a000 08:16 411418                     /home/natdev/.m2/repository/org/lwjgl/lwjgl-nuklear/3.1.5/lwjgl-nuklear-3.1.5.jar
7fe8257b3000-7fe8257b4000 r--s 00001000 08:16 411410                     /home/natdev/.m2/repository/org/lwjgl/lwjgl-nfd/3.1.5/lwjgl-nfd-3.1.5.jar
7fe8257b4000-7fe8257b6000 r--s 00000000 08:16 411533                     /home/natdev/.m2/repository/org/lwjgl/lwjgl-xxhash/3.1.5/lwjgl-xxhash-3.1.5-natives-macos.jar
7fe8257b6000-7fe8257b7000 r--s 0003f000 08:16 411361                     /home/natdev/.m2/repository/org/lwjgl/lwjgl-bgfx/3.1.5/lwjgl-bgfx-3.1.5-natives-macos.jar
7fe8257b7000-7fe8257bb000 r--s 0002c000 08:16 411350                     /home/natdev/.m2/repository/org/lwjgl/lwjgl-assimp/3.1.5/lwjgl-assimp-3.1.5.jar
7fe8257bb000-7fe8257bc000 r--s 0006f000 08:16 411407                     /home/natdev/.m2/repository/org/lwjgl/lwjgl-nanovg/3.1.5/lwjgl-nanovg-3.1.5-natives-windows.jar
7fe8257bc000-7fe8257be000 r--s 00029000 08:16 411404                     /home/natdev/.m2/repository/org/lwjgl/lwjgl-nanovg/3.1.5/lwjgl-nanovg-3.1.5-natives-linux.jar
7fe8257be000-7fe8257bf000 r--s 0000e000 08:16 411403                     /home/natdev/.m2/repository/org/lwjgl/lwjgl-nanovg/3.1.5/lwjgl-nanovg-3.1.5.jar
7fe8257bf000-7fe8257c1000 r--s 00000000 08:16 411485                     /home/natdev/.m2/repository/org/lwjgl/lwjgl-sse/3.1.5/lwjgl-sse-3.1.5.jar
7fe8257c1000-7fe8257c2000 r--s 00001000 08:16 411416                     /home/natdev/.m2/repository/org/lwjgl/lwjgl-nfd/3.1.5/lwjgl-nfd-3.1.5-natives-macos.jar
7fe8257c2000-7fe8257c3000 r--s 0003d000 08:16 411373                     /home/natdev/.m2/repository/org/lwjgl/lwjgl-glfw/3.1.5/lwjgl-glfw-3.1.5-natives-windows.jar
7fe8257c3000-7fe8257c4000 r--s 003a3000 08:16 411355                     /home/natdev/.m2/repository/org/lwjgl/lwjgl-assimp/3.1.5/lwjgl-assimp-3.1.5-natives-windows.jar
7fe8257c4000-7fe8257c6000 r--s 00008000 08:16 411513                     /home/natdev/.m2/repository/org/lwjgl/lwjgl-tinyfd/3.1.5/lwjgl-tinyfd-3.1.5-natives-macos.jar
7fe8257c6000-7fe8257c7000 r--s 0001f000 08:16 411370                     /home/natdev/.m2/repository/org/lwjgl/lwjgl-glfw/3.1.5/lwjgl-glfw-3.1.5-natives-linux.jar
7fe8257c7000-7fe8257c8000 r--s 00030000 08:16 411548                     /home/natdev/.m2/repository/org/lwjgl/lwjgl-zstd/3.1.5/lwjgl-zstd-3.1.5-natives-macos.jar
7fe8257c8000-7fe8257cc000 r--s 00017000 08:16 411367                     /home/natdev/.m2/repository/org/lwjgl/lwjgl-glfw/3.1.5/lwjgl-glfw-3.1.5.jar
7fe8257cc000-7fe8257cd000 r--s 0000d000 08:16 411372                     /home/natdev/.m2/repository/org/lwjgl/lwjgl-glfw/3.1.5/lwjgl-glfw-3.1.5-natives-macos.jar
7fe8257cd000-7fe8257ce000 r--s 00050000 08:16 411359                     /home/natdev/.m2/repository/org/lwjgl/lwjgl-bgfx/3.1.5/lwjgl-bgfx-3.1.5-natives-linux.jar
7fe8257ce000-7fe8257cf000 r--s 00038000 08:16 411348                     /home/natdev/.m2/repository/org/lwjgl/lwjgl/3.1.5/lwjgl-3.1.5-natives-windows.jar
7fe8257cf000-7fe825813000 r--s 00341000 08:16 664575                     /home/natdev/.m2/repository/org/clojure/clojure/1.9.0/clojure-1.9.0.jar
7fe825813000-7fe825814000 ---p 00000000 00:00 0 
7fe825814000-7fe825914000 rw-p 00000000 00:00 0 
7fe825914000-7fe825917000 ---p 00000000 00:00 0 
7fe825917000-7fe825a15000 rw-p 00000000 00:00 0 
7fe825a15000-7fe825a16000 ---p 00000000 00:00 0 
7fe825a16000-7fe825a19000 ---p 00000000 00:00 0 
7fe825a19000-7fe825b16000 rw-p 00000000 00:00 0 
7fe825b16000-7fe825b17000 ---p 00000000 00:00 0 
7fe825b17000-7fe825b1a000 ---p 00000000 00:00 0 
7fe825b1a000-7fe825c17000 rw-p 00000000 00:00 0 
7fe825c17000-7fe825c18000 ---p 00000000 00:00 0 
7fe825c18000-7fe825c1b000 ---p 00000000 00:00 0 
7fe825c1b000-7fe825d18000 rw-p 00000000 00:00 0 
7fe825d18000-7fe825d1b000 ---p 00000000 00:00 0 
7fe825d1b000-7fe825e19000 rw-p 00000000 00:00 0 
7fe825e19000-7fe826bf4000 r--p 00000000 08:16 659826                     /usr/lib/locale/locale-archive
7fe826bf4000-7fe826bf7000 ---p 00000000 00:00 0 
7fe826bf7000-7fe826cf5000 rw-p 00000000 00:00 0 
7fe826cf5000-7fe826cf8000 ---p 00000000 00:00 0 
7fe826cf8000-7fe826df6000 rw-p 00000000 00:00 0 
7fe826df6000-7fe826df7000 ---p 00000000 00:00 0 
7fe826df7000-7fe828000000 rw-p 00000000 00:00 0 
7fe828000000-7fe828021000 rw-p 00000000 00:00 0 
7fe828021000-7fe82c000000 ---p 00000000 00:00 0 
7fe82c000000-7fe82c001000 r--s 00004000 08:16 411466                     /home/natdev/.m2/repository/org/lwjgl/lwjgl-par/3.1.5/lwjgl-par-3.1.5-natives-macos.jar
7fe82c001000-7fe82c002000 r--s 00022000 08:16 411547                     /home/natdev/.m2/repository/org/lwjgl/lwjgl-zstd/3.1.5/lwjgl-zstd-3.1.5-natives-linux.jar
7fe82c002000-7fe82c004000 r--s 00000000 08:16 664578                     /home/natdev/.m2/repository/org/clojure/core.specs.alpha/0.1.24/core.specs.alpha-0.1.24.jar
7fe82c004000-7fe82c006000 r--s 0008b000 08:16 411459                     /home/natdev/.m2/repository/org/lwjgl/lwjgl-openvr/3.1.5/lwjgl-openvr-3.1.5-natives-windows.jar
7fe82c006000-7fe82c00b000 r--s 00042000 08:16 411342                     /home/natdev/.m2/repository/org/lwjgl/lwjgl/3.1.5/lwjgl-3.1.5.jar
7fe82c00b000-7fe82c00c000 r--s 0000b000 08:16 411398                     /home/natdev/.m2/repository/org/lwjgl/lwjgl-lz4/3.1.5/lwjgl-lz4-3.1.5-natives-macos.jar
7fe82c00c000-7fe82c00d000 r--s 00008000 08:16 411346                     /home/natdev/.m2/repository/org/lwjgl/lwjgl/3.1.5/lwjgl-3.1.5-natives-macos.jar
7fe82c00d000-7fe82c00e000 r--s 0002d000 08:16 411391                     /home/natdev/.m2/repository/org/lwjgl/lwjgl-lmdb/3.1.5/lwjgl-lmdb-3.1.5-natives-windows.jar
7fe82c00e000-7fe82c00f000 r--s 0000d000 08:16 411390                     /home/natdev/.m2/repository/org/lwjgl/lwjgl-lmdb/3.1.5/lwjgl-lmdb-3.1.5-natives-macos.jar
7fe82c00f000-7fe82c010000 r--s 002dc000 08:16 411351                     /home/natdev/.m2/repository/org/lwjgl/lwjgl-assimp/3.1.5/lwjgl-assimp-3.1.5-natives-linux.jar
7fe82c010000-7fe82c011000 r--s 00008000 08:16 411448                     /home/natdev/.m2/repository/org/lwjgl/lwjgl-opengles/3.1.5/lwjgl-opengles-3.1.5-natives-linux.jar
7fe82c011000-7fe82c013000 r--s 00005000 08:16 411470                     /home/natdev/.m2/repository/org/lwjgl/lwjgl-remotery/3.1.5/lwjgl-remotery-3.1.5.jar
7fe82c013000-7fe82c014000 r--s 00075000 08:16 411500                     /home/natdev/.m2/repository/org/lwjgl/lwjgl-stb/3.1.5/lwjgl-stb-3.1.5-natives-windows.jar
7fe82c014000-7fe82c015000 r--s 0000e000 08:16 411395                     /home/natdev/.m2/repository/org/lwjgl/lwjgl-lz4/3.1.5/lwjgl-lz4-3.1.5-natives-linux.jar
7fe82c015000-7fe82c016000 r--s 0001b000 08:16 411477                     /home/natdev/.m2/repository/org/lwjgl/lwjgl-remotery/3.1.5/lwjgl-remotery-3.1.5-natives-windows.jar
7fe82c016000-7fe82c017000 r--s 00006000 08:16 411474                     /home/natdev/.m2/repository/org/lwjgl/lwjgl-remotery/3.1.5/lwjgl-remotery-3.1.5-natives-linux.jar
7fe82c017000-7fe82c018000 r--s 00001000 08:16 411518                     /home/natdev/.m2/repository/org/lwjgl/lwjgl-tootle/3.1.5/lwjgl-tootle-3.1.5.jar
7fe82c018000-7fe82c019000 r--s 00001000 08:16 411509                     /home/natdev/.m2/repository/org/lwjgl/lwjgl-tinyfd/3.1.5/lwjgl-tinyfd-3.1.5.jar
7fe82c019000-7fe82c01a000 r--s 00016000 08:16 411458                     /home/natdev/.m2/repository/org/lwjgl/lwjgl-openvr/3.1.5/lwjgl-openvr-3.1.5-natives-macos.jar
7fe82c01a000-7fe82c01d000 r--s 0008f000 08:16 526381                     /home/natdev/.m2/repository/org/joml/joml/1.9.7/joml-1.9.7.jar
7fe82c01d000-7fe82c01e000 r--s 0000b000 08:16 411442                     /home/natdev/.m2/repository/org/lwjgl/lwjgl-opengl/3.1.5/lwjgl-opengl-3.1.5-natives-macos.jar
7fe82c01e000-7fe82c01f000 r--s 00077000 08:16 411429                     /home/natdev/.m2/repository/org/lwjgl/lwjgl-openal/3.1.5/lwjgl-openal-3.1.5-natives-linux.jar
7fe82c01f000-7fe82c020000 r--s 00000000 08:16 411487                     /home/natdev/.m2/repository/org/lwjgl/lwjgl-sse/3.1.5/lwjgl-sse-3.1.5-natives-linux.jar
7fe82c020000-7fe82c021000 r--s 00017000 08:16 411381                     /home/natdev/.m2/repository/org/lwjgl/lwjgl-jemalloc/3.1.5/lwjgl-jemalloc-3.1.5-natives-macos.jar
7fe82c021000-7fe82c022000 r--s 00015000 08:16 411426                     /home/natdev/.m2/repository/org/lwjgl/lwjgl-odbc/3.1.5/lwjgl-odbc-3.1.5.jar
7fe82c022000-7fe82c023000 r--s 00005000 08:16 411375                     /home/natdev/.m2/repository/org/lwjgl/lwjgl-jawt/3.1.5/lwjgl-jawt-3.1.5.jar
7fe82c023000-7fe82c024000 r--s 00012000 08:16 411522                     /home/natdev/.m2/repository/org/lwjgl/lwjgl-tootle/3.1.5/lwjgl-tootle-3.1.5-natives-macos.jar
7fe82c024000-7fe82c025000 r--s 00030000 08:16 411383                     /home/natdev/.m2/repository/org/lwjgl/lwjgl-jemalloc/3.1.5/lwjgl-jemalloc-3.1.5-natives-windows.jar
7fe82c025000-7fe82c027000 r--s 00005000 08:16 411464                     /home/natdev/.m2/repository/org/lwjgl/lwjgl-par/3.1.5/lwjgl-par-3.1.5-natives-linux.jar
7fe82c027000-7fe82c028000 r--s 00021000 08:16 411357                     /home/natdev/.m2/repository/org/lwjgl/lwjgl-nuklear/3.1.5/lwjgl-nuklear-3.1.5-natives-linux.jar
7fe82c028000-7fe82c02a000 r--s 00009000 08:16 411543                     /home/natdev/.m2/repository/org/lwjgl/lwjgl-zstd/3.1.5/lwjgl-zstd-3.1.5.jar
7fe82c02a000-7fe82c02b000 r--s 00032000 08:16 411523                     /home/natdev/.m2/repository/org/lwjgl/lwjgl-tootle/3.1.5/lwjgl-tootle-3.1.5-natives-windows.jar
7fe82c02b000-7fe82c02d000 r--s 00008000 08:16 411378                     /home/natdev/.m2/repository/org/lwjgl/lwjgl-jemalloc/3.1.5/lwjgl-jemalloc-3.1.5.jar
7fe82c02d000-7fe82c02e000 r--s 00044000 08:16 411508                     /home/natdev/.m2/repository/org/lwjgl/lwjgl-tinyexr/3.1.5/lwjgl-tinyexr-3.1.5-natives-windows.jar
7fe82c02e000-7fe82c02f000 r--s 0002a000 08:16 411443                     /home/natdev/.m2/repository/org/lwjgl/lwjgl-opengl/3.1.5/lwjgl-opengl-3.1.5-natives-windows.jar
7fe82c02f000-7fe82c031000 r--s 0000a000 08:16 411394                     /home/natdev/.m2/repository/org/lwjgl/lwjgl-lz4/3.1.5/lwjgl-lz4-3.1.5.jar
7fe82c031000-7fe82c033000 r--s 00004000 08:16 411528                     /home/natdev/.m2/repository/org/lwjgl/lwjgl-xxhash/3.1.5/lwjgl-xxhash-3.1.5.jar
7fe82c033000-7fe82c037000 r--s 0001e000 08:16 411366                     /home/natdev/.m2/repository/org/lwjgl/lwjgl-egl/3.1.5/lwjgl-egl-3.1.5.jar
7fe82c037000-7fe82c038000 r--s 0000b000 08:16 289602                     /home/natdev/.m2/repository/nrepl/nrepl/0.6.0/nrepl-0.6.0.jar
7fe82c038000-7fe82c039000 r--s 0002d000 08:16 411421                     /home/natdev/.m2/repository/org/lwjgl/lwjgl-nuklear/3.1.5/lwjgl-nuklear-3.1.5-natives-macos.jar
7fe82c039000-7fe82c03a000 r--s 00001000 08:16 411413                     /home/natdev/.m2/repository/org/lwjgl/lwjgl-nfd/3.1.5/lwjgl-nfd-3.1.5-natives-linux.jar
7fe82c03a000-7fe82c03b000 r--s 00222000 08:16 411353                     /home/natdev/.m2/repository/org/lwjgl/lwjgl-assimp/3.1.5/lwjgl-assimp-3.1.5-natives-macos.jar
7fe82c03b000-7fe82c03c000 r--s 00026000 08:16 411406                     /home/natdev/.m2/repository/org/lwjgl/lwjgl-nanovg/3.1.5/lwjgl-nanovg-3.1.5-natives-macos.jar
7fe82c03c000-7fe82c03e000 r--s 00002000 08:16 411479                     /home/natdev/.m2/repository/org/lwjgl/lwjgl-rpmalloc/3.1.5/lwjgl-rpmalloc-3.1.5.jar
7fe82c03e000-7fe82c040000 r--s 00013000 08:16 411492                     /home/natdev/.m2/repository/org/lwjgl/lwjgl-sse/3.1.5/lwjgl-sse-3.1.5-natives-windows.jar
7fe82c040000-7fe82c044000 r--s 00026000 08:16 411435                     /home/natdev/.m2/repository/org/lwjgl/lwjgl-opencl/3.1.5/lwjgl-opencl-3.1.5.jar
7fe82c044000-7fe82c045000 r--s 0001f000 08:16 411379                     /home/natdev/.m2/repository/org/lwjgl/lwjgl-jemalloc/3.1.5/lwjgl-jemalloc-3.1.5-natives-linux.jar
7fe82c045000-7fe82c046000 r--s 00002000 08:16 411481                     /home/natdev/.m2/repository/org/lwjgl/lwjgl-rpmalloc/3.1.5/lwjgl-rpmalloc-3.1.5-natives-linux.jar
7fe82c046000-7fe82c048000 r--s 00011000 08:16 411428                     /home/natdev/.m2/repository/org/lwjgl/lwjgl-openal/3.1.5/lwjgl-openal-3.1.5.jar
7fe82c048000-7fe82c049000 r--s 0001c000 08:16 411455                     /home/natdev/.m2/repository/org/lwjgl/lwjgl-openvr/3.1.5/lwjgl-openvr-3.1.5-natives-linux.jar
7fe82c049000-7fe82c04a000 r--s 0000a000 08:16 411538                     /home/natdev/.m2/repository/org/lwjgl/lwjgl-yoga/3.1.5/lwjgl-yoga-3.1.5-natives-linux.jar
7fe82c04a000-7fe82c04c000 r--s 00048000 08:16 411549                     /home/natdev/.m2/repository/org/lwjgl/lwjgl-zstd/3.1.5/lwjgl-zstd-3.1.5-natives-windows.jar
7fe82c04c000-7fe82c04d000 r--s 00000000 08:16 411489                     /home/natdev/.m2/repository/org/lwjgl/lwjgl-sse/3.1.5/lwjgl-sse-3.1.5-natives-macos.jar
7fe82c04d000-7fe82c04e000 r--s 00015000 08:16 411535                     /home/natdev/.m2/repository/org/lwjgl/lwjgl-xxhash/3.1.5/lwjgl-xxhash-3.1.5-natives-windows.jar
7fe82c04e000-7fe82c04f000 r--s 00104000 08:16 411433                     /home/natdev/.m2/repository/org/lwjgl/lwjgl-openal/3.1.5/lwjgl-openal-3.1.5-natives-windows.jar
7fe82c04f000-7fe82c051000 r--s 00005000 08:16 411385                     /home/natdev/.m2/repository/org/lwjgl/lwjgl-lmdb/3.1.5/lwjgl-lmdb-3.1.5.jar
7fe82c051000-7fe82c053000 r--s 000a6000 08:16 411364                     /home/natdev/.m2/repository/org/lwjgl/lwjgl-bgfx/3.1.5/lwjgl-bgfx-3.1.5-natives-windows.jar
7fe82c053000-7fe82c059000 r--s 0004e000 08:16 411447                     /home/natdev/.m2/repository/org/lwjgl/lwjgl-opengles/3.1.5/lwjgl-opengles-3.1.5.jar
7fe82c059000-7fe82c05c000 r--s 00024000 08:16 411358                     /home/natdev/.m2/repository/org/lwjgl/lwjgl-bgfx/3.1.5/lwjgl-bgfx-3.1.5.jar
7fe82c05c000-7fe82c066000 r--s 000be000 08:16 411437                     /home/natdev/.m2/repository/org/lwjgl/lwjgl-opengl/3.1.5/lwjgl-opengl-3.1.5.jar
7fe82c066000-7fe82c067000 r--s 00016000 08:16 411484                     /home/natdev/.m2/repository/org/lwjgl/lwjgl-rpmalloc/3.1.5/lwjgl-rpmalloc-3.1.5-natives-windows.jar
7fe82c067000-7fe82c072000 r--s 00063000 08:16 939961                     /home/natdev/.m2/repository/cider/cider-nrepl/0.21.0/cider-nrepl-0.21.0.jar
7fe82c072000-7fe82c078000 r--s 0003b000 08:16 258                        /usr/lib/jvm/java-8-openjdk-amd64/jre/lib/ext/sunjce_provider.jar
7fe82c078000-7fe82c093000 r--s 00394000 08:16 251                        /usr/lib/jvm/java-8-openjdk-amd64/jre/lib/ext/cldrdata.jar
7fe82c093000-7fe82c0ae000 r--s 001d6000 08:16 256                        /usr/lib/jvm/java-8-openjdk-amd64/jre/lib/ext/nashorn.jar
7fe82c0ae000-7fe830000000 rw-p 00000000 00:00 0 
7fe830000000-7fe830021000 rw-p 00000000 00:00 0 
7fe830021000-7fe834000000 ---p 00000000 00:00 0 
7fe834000000-7fe834001000 r--s 00009000 08:16 411512                     /home/natdev/.m2/repository/org/lwjgl/lwjgl-tinyfd/3.1.5/lwjgl-tinyfd-3.1.5-natives-linux.jar
7fe834001000-7fe834002000 r--s 0001c000 08:16 411452                     /home/natdev/.m2/repository/org/lwjgl/lwjgl-opengles/3.1.5/lwjgl-opengles-3.1.5-natives-windows.jar
7fe834002000-7fe834004000 r--s 0000c000 08:16 411536                     /home/natdev/.m2/repository/org/lwjgl/lwjgl-yoga/3.1.5/lwjgl-yoga-3.1.5.jar
7fe834004000-7fe8344fb000 rw-p 00000000 00:00 0 
7fe8344fb000-7fe8346ca000 r--s 03c33000 08:16 280                        /usr/lib/jvm/java-8-openjdk-amd64/jre/lib/rt.jar
7fe8346ca000-7fe834b70000 rw-p 00000000 00:00 0 
7fe834b70000-7fe834b71000 ---p 00000000 00:00 0 
7fe834b71000-7fe834c71000 rw-p 00000000 00:00 0 
7fe834c71000-7fe834c72000 ---p 00000000 00:00 0 
7fe834c72000-7fe834dab000 rw-p 00000000 00:00 0 
7fe834dab000-7fe835000000 ---p 00000000 00:00 0 
7fe835000000-7fe835fd0000 rwxp 00000000 00:00 0 
7fe835fd0000-7fe844000000 ---p 00000000 00:00 0 
7fe844000000-7fe844b61000 rw-p 00000000 00:00 0 
7fe844b61000-7fe848000000 ---p 00000000 00:00 0 
7fe848000000-7fe848001000 r--s 0000c000 08:16 411519                     /home/natdev/.m2/repository/org/lwjgl/lwjgl-tootle/3.1.5/lwjgl-tootle-3.1.5-natives-linux.jar
7fe848001000-7fe848002000 r--s 00002000 08:16 526125                     /home/natdev/.m2/repository/clojure-complete/clojure-complete/0.2.5/clojure-complete-0.2.5.jar
7fe848002000-7fe848003000 r--s 00031000 08:16 411516                     /home/natdev/.m2/repository/org/lwjgl/lwjgl-tinyfd/3.1.5/lwjgl-tinyfd-3.1.5-natives-windows.jar
7fe848003000-7fe848004000 r--s 00064000 08:16 411431                     /home/natdev/.m2/repository/org/lwjgl/lwjgl-openal/3.1.5/lwjgl-openal-3.1.5-natives-macos.jar
7fe848004000-7fe848005000 r--s 00001000 08:16 411482                     /home/natdev/.m2/repository/org/lwjgl/lwjgl-rpmalloc/3.1.5/lwjgl-rpmalloc-3.1.5-natives-macos.jar
7fe848005000-7fe848006000 r--s 00010000 08:16 260                        /usr/lib/jvm/java-8-openjdk-amd64/jre/lib/ext/zipfs.jar
7fe848006000-7fe848007000 r--s 0000a000 08:16 254                        /usr/lib/jvm/java-8-openjdk-amd64/jre/lib/ext/jaccess.jar
7fe848007000-7fe84800a000 r--s 00038000 08:16 259                        /usr/lib/jvm/java-8-openjdk-amd64/jre/lib/ext/sunpkcs11.jar
7fe84800a000-7fe84800c000 r--s 00007000 08:16 526116                     /usr/share/java/java-atk-wrapper.jar
7fe84800c000-7fe848016000 r--s 00116000 08:16 255                        /usr/lib/jvm/java-8-openjdk-amd64/jre/lib/ext/localedata.jar
7fe848016000-7fe848018000 r--s 00008000 08:16 257                        /usr/lib/jvm/java-8-openjdk-amd64/jre/lib/ext/sunec.jar
7fe848018000-7fe84801b000 r--s 0000f000 08:16 253                        /usr/lib/jvm/java-8-openjdk-amd64/jre/lib/ext/icedtea-sound.jar
7fe84801b000-7fe84806a000 rw-p 00000000 00:00 0 
7fe84806a000-7fe84806b000 ---p 00000000 00:00 0 
7fe84806b000-7fe84816b000 rw-p 00000000 00:00 0 
7fe84816b000-7fe84816c000 ---p 00000000 00:00 0 
7fe84816c000-7fe8482a5000 rw-p 00000000 00:00 0 
7fe8482a5000-7fe8484fa000 ---p 00000000 00:00 0 
7fe8484fa000-7fe8485ce000 rw-p 00000000 00:00 0 
7fe8485ce000-7fe848641000 ---p 00000000 00:00 0 
7fe848641000-7fe848682000 rw-p 00000000 00:00 0 
7fe848682000-7fe848a02000 ---p 00000000 00:00 0 
7fe848a02000-7fe848a05000 r--p 00000000 08:16 398723                     /lib/x86_64-linux-gnu/libnss_files-2.28.so
7fe848a05000-7fe848a0c000 r-xp 00003000 08:16 398723                     /lib/x86_64-linux-gnu/libnss_files-2.28.so
7fe848a0c000-7fe848a0f000 r--p 0000a000 08:16 398723                     /lib/x86_64-linux-gnu/libnss_files-2.28.so
7fe848a0f000-7fe848a10000 r--p 0000c000 08:16 398723                     /lib/x86_64-linux-gnu/libnss_files-2.28.so
7fe848a10000-7fe848a11000 rw-p 0000d000 08:16 398723                     /lib/x86_64-linux-gnu/libnss_files-2.28.so
7fe848a11000-7fe848a17000 rw-p 00000000 00:00 0 
7fe848a17000-7fe848a19000 r--s 00001000 08:16 252                        /usr/lib/jvm/java-8-openjdk-amd64/jre/lib/ext/dnsns.jar
7fe848a19000-7fe848a1c000 r--p 00000000 08:16 237                        /usr/lib/jvm/java-8-openjdk-amd64/jre/lib/amd64/libzip.so
7fe848a1c000-7fe848a20000 r-xp 00003000 08:16 237                        /usr/lib/jvm/java-8-openjdk-amd64/jre/lib/amd64/libzip.so
7fe848a20000-7fe848a22000 r--p 00007000 08:16 237                        /usr/lib/jvm/java-8-openjdk-amd64/jre/lib/amd64/libzip.so
7fe848a22000-7fe848a23000 r--p 00008000 08:16 237                        /usr/lib/jvm/java-8-openjdk-amd64/jre/lib/amd64/libzip.so
7fe848a23000-7fe848a24000 rw-p 00009000 08:16 237                        /usr/lib/jvm/java-8-openjdk-amd64/jre/lib/amd64/libzip.so
7fe848a24000-7fe848a2c000 rw-s 00000000 08:16 803804                     /tmp/hsperfdata_natdev/7634
7fe848a2c000-7fe848a39000 r--p 00000000 08:16 218                        /usr/lib/jvm/java-8-openjdk-amd64/jre/lib/amd64/libjava.so
7fe848a39000-7fe848a53000 r-xp 0000d000 08:16 218                        /usr/lib/jvm/java-8-openjdk-amd64/jre/lib/amd64/libjava.so
7fe848a53000-7fe848a5a000 r--p 00027000 08:16 218                        /usr/lib/jvm/java-8-openjdk-amd64/jre/lib/amd64/libjava.so
7fe848a5a000-7fe848a5b000 r--p 0002d000 08:16 218                        /usr/lib/jvm/java-8-openjdk-amd64/jre/lib/amd64/libjava.so
7fe848a5b000-7fe848a5d000 rw-p 0002e000 08:16 218                        /usr/lib/jvm/java-8-openjdk-amd64/jre/lib/amd64/libjava.so
7fe848a5d000-7fe848a5f000 r--p 00000000 08:16 398773                     /lib/x86_64-linux-gnu/librt-2.28.so
7fe848a5f000-7fe848a63000 r-xp 00002000 08:16 398773                     /lib/x86_64-linux-gnu/librt-2.28.so
7fe848a63000-7fe848a65000 r--p 00006000 08:16 398773                     /lib/x86_64-linux-gnu/librt-2.28.so
7fe848a65000-7fe848a66000 r--p 00007000 08:16 398773                     /lib/x86_64-linux-gnu/librt-2.28.so
7fe848a66000-7fe848a67000 rw-p 00008000 08:16 398773                     /lib/x86_64-linux-gnu/librt-2.28.so
7fe848a67000-7fe848a68000 ---p 00000000 00:00 0 
7fe848a68000-7fe848a6b000 ---p 00000000 00:00 0 
7fe848a6b000-7fe848b68000 rw-p 00000000 00:00 0 
7fe848b68000-7fe848b6b000 r--p 00000000 08:16 398670                     /lib/x86_64-linux-gnu/libgcc_s.so.1
7fe848b6b000-7fe848b7c000 r-xp 00003000 08:16 398670                     /lib/x86_64-linux-gnu/libgcc_s.so.1
7fe848b7c000-7fe848b7f000 r--p 00014000 08:16 398670                     /lib/x86_64-linux-gnu/libgcc_s.so.1
7fe848b7f000-7fe848b80000 ---p 00017000 08:16 398670                     /lib/x86_64-linux-gnu/libgcc_s.so.1
7fe848b80000-7fe848b81000 r--p 00017000 08:16 398670                     /lib/x86_64-linux-gnu/libgcc_s.so.1
7fe848b81000-7fe848b82000 rw-p 00018000 08:16 398670                     /lib/x86_64-linux-gnu/libgcc_s.so.1
7fe848b82000-7fe848b8f000 r--p 00000000 08:16 398696                     /lib/x86_64-linux-gnu/libm-2.28.so
7fe848b8f000-7fe848c3a000 r-xp 0000d000 08:16 398696                     /lib/x86_64-linux-gnu/libm-2.28.so
7fe848c3a000-7fe848d0d000 r--p 000b8000 08:16 398696                     /lib/x86_64-linux-gnu/libm-2.28.so
7fe848d0d000-7fe848d0e000 r--p 0018a000 08:16 398696                     /lib/x86_64-linux-gnu/libm-2.28.so
7fe848d0e000-7fe848d0f000 rw-p 0018b000 08:16 398696                     /lib/x86_64-linux-gnu/libm-2.28.so
7fe848d0f000-7fe848d98000 r--p 00000000 08:16 662459                     /usr/lib/x86_64-linux-gnu/libstdc++.so.6.0.25
7fe848d98000-7fe848e4b000 r-xp 00089000 08:16 662459                     /usr/lib/x86_64-linux-gnu/libstdc++.so.6.0.25
7fe848e4b000-7fe848e89000 r--p 0013c000 08:16 662459                     /usr/lib/x86_64-linux-gnu/libstdc++.so.6.0.25
7fe848e89000-7fe848e93000 r--p 00179000 08:16 662459                     /usr/lib/x86_64-linux-gnu/libstdc++.so.6.0.25
7fe848e93000-7fe848e95000 rw-p 00183000 08:16 662459                     /usr/lib/x86_64-linux-gnu/libstdc++.so.6.0.25
7fe848e95000-7fe848e99000 rw-p 00000000 00:00 0 
7fe848e99000-7fe849088000 r--p 00000000 08:16 240                        /usr/lib/jvm/java-8-openjdk-amd64/jre/lib/amd64/server/libjvm.so
7fe849088000-7fe8498d1000 r-xp 001ef000 08:16 240                        /usr/lib/jvm/java-8-openjdk-amd64/jre/lib/amd64/server/libjvm.so
7fe8498d1000-7fe849a6e000 r--p 00a38000 08:16 240                        /usr/lib/jvm/java-8-openjdk-amd64/jre/lib/amd64/server/libjvm.so
7fe849a6e000-7fe849b02000 r--p 00bd4000 08:16 240                        /usr/lib/jvm/java-8-openjdk-amd64/jre/lib/amd64/server/libjvm.so
7fe849b02000-7fe849b2b000 rw-p 00c68000 08:16 240                        /usr/lib/jvm/java-8-openjdk-amd64/jre/lib/amd64/server/libjvm.so
7fe849b2b000-7fe849b5d000 rw-p 00000000 00:00 0 
7fe849b5d000-7fe849b63000 r--p 00000000 08:16 398765                     /lib/x86_64-linux-gnu/libpthread-2.28.so
7fe849b63000-7fe849b72000 r-xp 00006000 08:16 398765                     /lib/x86_64-linux-gnu/libpthread-2.28.so
7fe849b72000-7fe849b78000 r--p 00015000 08:16 398765                     /lib/x86_64-linux-gnu/libpthread-2.28.so
7fe849b78000-7fe849b79000 r--p 0001a000 08:16 398765                     /lib/x86_64-linux-gnu/libpthread-2.28.so
7fe849b79000-7fe849b7a000 rw-p 0001b000 08:16 398765                     /lib/x86_64-linux-gnu/libpthread-2.28.so
7fe849b7a000-7fe849b7e000 rw-p 00000000 00:00 0 
7fe849b7e000-7fe849b7f000 r--p 00000000 08:16 398656                     /lib/x86_64-linux-gnu/libdl-2.28.so
7fe849b7f000-7fe849b81000 r-xp 00001000 08:16 398656                     /lib/x86_64-linux-gnu/libdl-2.28.so
7fe849b81000-7fe849b82000 r--p 00003000 08:16 398656                     /lib/x86_64-linux-gnu/libdl-2.28.so
7fe849b82000-7fe849b83000 r--p 00003000 08:16 398656                     /lib/x86_64-linux-gnu/libdl-2.28.so
7fe849b83000-7fe849b84000 rw-p 00004000 08:16 398656                     /lib/x86_64-linux-gnu/libdl-2.28.so
7fe849b84000-7fe849ba0000 r-xp 00000000 08:16 398804                     /lib/x86_64-linux-gnu/libz.so.1.2.11
7fe849ba0000-7fe849d9f000 ---p 0001c000 08:16 398804                     /lib/x86_64-linux-gnu/libz.so.1.2.11
7fe849d9f000-7fe849da0000 r--p 0001b000 08:16 398804                     /lib/x86_64-linux-gnu/libz.so.1.2.11
7fe849da0000-7fe849da1000 rw-p 0001c000 08:16 398804                     /lib/x86_64-linux-gnu/libz.so.1.2.11
7fe849da1000-7fe849dc3000 r--p 00000000 08:16 398635                     /lib/x86_64-linux-gnu/libc-2.28.so
7fe849dc3000-7fe849f34000 r-xp 00022000 08:16 398635                     /lib/x86_64-linux-gnu/libc-2.28.so
7fe849f34000-7fe849f80000 r--p 00193000 08:16 398635                     /lib/x86_64-linux-gnu/libc-2.28.so
7fe849f80000-7fe849f81000 ---p 001df000 08:16 398635                     /lib/x86_64-linux-gnu/libc-2.28.so
7fe849f81000-7fe849f85000 r--p 001df000 08:16 398635                     /lib/x86_64-linux-gnu/libc-2.28.so
7fe849f85000-7fe849f87000 rw-p 001e3000 08:16 398635                     /lib/x86_64-linux-gnu/libc-2.28.so
7fe849f87000-7fe849f8c000 rw-p 00000000 00:00 0 
7fe849f8c000-7fe849f8d000 r--p 00000000 00:00 0 
7fe849f8d000-7fe849f92000 r--p 00000000 08:16 236                        /usr/lib/jvm/java-8-openjdk-amd64/jre/lib/amd64/libverify.so
7fe849f92000-7fe849f9b000 r-xp 00005000 08:16 236                        /usr/lib/jvm/java-8-openjdk-amd64/jre/lib/amd64/libverify.so
7fe849f9b000-7fe849f9d000 r--p 0000e000 08:16 236                        /usr/lib/jvm/java-8-openjdk-amd64/jre/lib/amd64/libverify.so
7fe849f9d000-7fe849f9f000 r--p 0000f000 08:16 236                        /usr/lib/jvm/java-8-openjdk-amd64/jre/lib/amd64/libverify.so
7fe849f9f000-7fe849fa0000 rw-p 00011000 08:16 236                        /usr/lib/jvm/java-8-openjdk-amd64/jre/lib/amd64/libverify.so
7fe849fa0000-7fe849fa2000 r--p 00000000 08:16 204                        /usr/lib/jvm/java-8-openjdk-amd64/jre/lib/amd64/jli/libjli.so
7fe849fa2000-7fe849fab000 r-xp 00002000 08:16 204                        /usr/lib/jvm/java-8-openjdk-amd64/jre/lib/amd64/jli/libjli.so
7fe849fab000-7fe849fae000 r--p 0000b000 08:16 204                        /usr/lib/jvm/java-8-openjdk-amd64/jre/lib/amd64/jli/libjli.so
7fe849fae000-7fe849faf000 r--p 0000d000 08:16 204                        /usr/lib/jvm/java-8-openjdk-amd64/jre/lib/amd64/jli/libjli.so
7fe849faf000-7fe849fb0000 rw-p 0000e000 08:16 204                        /usr/lib/jvm/java-8-openjdk-amd64/jre/lib/amd64/jli/libjli.so
7fe849fb0000-7fe849fb2000 rw-p 00000000 00:00 0 
7fe849fb2000-7fe849fb3000 r--p 00000000 08:16 398609                     /lib/x86_64-linux-gnu/ld-2.28.so
7fe849fb3000-7fe849fd3000 r-xp 00001000 08:16 398609                     /lib/x86_64-linux-gnu/ld-2.28.so
7fe849fd3000-7fe849fdb000 r--p 00021000 08:16 398609                     /lib/x86_64-linux-gnu/ld-2.28.so
7fe849fdb000-7fe849fdc000 r--p 00028000 08:16 398609                     /lib/x86_64-linux-gnu/ld-2.28.so
7fe849fdc000-7fe849fdd000 rw-p 00029000 08:16 398609                     /lib/x86_64-linux-gnu/ld-2.28.so
7fe849fdd000-7fe849fde000 rw-p 00000000 00:00 0 
7ffe91e2c000-7ffe91e50000 rw-p 00000000 00:00 0                          [stack]
7ffe91f0d000-7ffe91f10000 r--p 00000000 00:00 0                          [vvar]
7ffe91f10000-7ffe91f12000 r-xp 00000000 00:00 0                          [vdso]
ffffffffff600000-ffffffffff601000 r-xp 00000000 00:00 0                  [vsyscall]

VM Arguments:
jvm_args: -Dfile.encoding=UTF-8 -Dclojure.compile.path=/home/natdev/Prog/PSTL/yaw/target/classes -Dyaw.version=0.2.0 -Dclojure.debug=false 
java_command: clojure.main -i /tmp/form-init2724855001843311246.clj
java_class_path (initial): /home/natdev/Prog/PSTL/yaw/test:/home/natdev/Prog/PSTL/yaw/src/test:/home/natdev/Prog/PSTL/yaw/src/clojure:/home/natdev/Prog/PSTL/yaw/examples:/home/natdev/Prog/PSTL/yaw/dev-resources:/home/natdev/Prog/PSTL/yaw/resources:/home/natdev/Prog/PSTL/yaw/target/classes:/home/natdev/.m2/repository/org/lwjgl/lwjgl-rpmalloc/3.1.5/lwjgl-rpmalloc-3.1.5-natives-macos.jar:/home/natdev/.m2/repository/org/lwjgl/lwjgl-openal/3.1.5/lwjgl-openal-3.1.5-natives-macos.jar:/home/natdev/.m2/repository/org/lwjgl/lwjgl-tinyfd/3.1.5/lwjgl-tinyfd-3.1.5-natives-windows.jar:/home/natdev/.m2/repository/clojure-complete/clojure-complete/0.2.5/clojure-complete-0.2.5.jar:/home/natdev/.m2/repository/org/lwjgl/lwjgl-tootle/3.1.5/lwjgl-tootle-3.1.5-natives-linux.jar:/home/natdev/.m2/repository/org/lwjgl/lwjgl-yoga/3.1.5/lwjgl-yoga-3.1.5.jar:/home/natdev/.m2/repository/org/lwjgl/lwjgl-opengles/3.1.5/lwjgl-opengles-3.1.5-natives-windows.jar:/home/natdev/.m2/repository/cider/cider-nrepl/0.21.0/cider-nrepl-0.21.0.jar:/home/natdev/.m2/repository/org/lwjgl/lwjgl-tinyfd/3.1.5/lwjgl-tinyfd-3.1.5-natives-linux.jar:/home/natdev/.m2/repository/org/lwjgl/lwjgl-rpmalloc/3.1.5/lwjgl-rpmalloc-3.1.5-natives-windows.jar:/home/natdev/.m2/repository/org/lwjgl/lwjgl-opengl/3.1.5/lwjgl-opengl-3.1.5.jar:/home/natdev/.m2/repository/org/lwjgl/lwjgl-bgfx/3.1.5/lwjgl-bgfx-3.1.5.jar:/home/natdev/.m2/repository/org/lwjgl/lwjgl-opengles/3.1.5/lwjgl-opengles-3.1.5.jar:/home/natdev/.m2/repository/org/lwjgl/lwjgl-bgfx/3.1.5/lwjgl-bgfx-3.1.5-natives-windows.jar:/home/natdev/.m2/repository/org/lwjgl/lwjgl-lmdb/3.1.5/lwjgl-lmdb-3.1.5.jar:/home/natdev/.m2/repository/org/lwjgl/lwjgl-openal/3.1.5/lwjgl-openal-3.1.5-natives-windows.jar:/home/natdev/.m2/repository/org/lwjgl/lwjgl-xxhash/3.1.5/lwjgl-xxhash-3.1.5-natives-windows.jar:/home/natdev/.m2/repository/org/lwjgl/lwjgl-sse/3.1.5/lwjgl-sse-3.1.5-natives-macos.jar:/home/natdev/.m2/repository/org/lwjgl/lwjgl-zstd/3.1.5/lwjgl-zstd-3.1.5-natives-windows.jar:/home
Launcher Type: SUN_STANDARD

Environment Variables:
CLASSPATH=/home/natdev/.lein/self-installs/leiningen-2.9.0-standalone.jar
PATH=/home/natdev/.local/bin:/home/natdev/bin:/usr/local/sbin:/usr/local/bin:/usr/sbin:/usr/bin:/sbin:/bin:/usr/games:/usr/local/games:/snap/bin:/home/natdev/bin/:/home/natdev/bin/eclipse/:/home/natdev/bin/Spin/Src6.4.9/:/home/natdev/bin/:/home/natdev/bin/eclipse/:/home/natdev/bin/Spin/Src6.4.9/
USERNAME=natdev
SHELL=/bin/bash
DISPLAY=:0

Signal Handlers:
SIGSEGV: [libjvm.so+0xa17e60], sa_mask[0]=11111111011111111101111111111110, sa_flags=SA_RESTART|SA_SIGINFO
SIGBUS: [libjvm.so+0xa17e60], sa_mask[0]=11111111011111111101111111111110, sa_flags=SA_RESTART|SA_SIGINFO
SIGFPE: [libjvm.so+0x878cb0], sa_mask[0]=11111111011111111101111111111110, sa_flags=SA_RESTART|SA_SIGINFO
SIGPIPE: [libjvm.so+0x878cb0], sa_mask[0]=11111111011111111101111111111110, sa_flags=SA_RESTART|SA_SIGINFO
SIGXFSZ: [libjvm.so+0x878cb0], sa_mask[0]=11111111011111111101111111111110, sa_flags=SA_RESTART|SA_SIGINFO
SIGILL: [libjvm.so+0x878cb0], sa_mask[0]=11111111011111111101111111111110, sa_flags=SA_RESTART|SA_SIGINFO
SIGUSR1: SIG_DFL, sa_mask[0]=00000000000000000000000000000000, sa_flags=none
SIGUSR2: [libjvm.so+0x878b50], sa_mask[0]=00100000000000000000000000000000, sa_flags=SA_RESTART|SA_SIGINFO
SIGHUP: [libjvm.so+0x878f30], sa_mask[0]=11111111011111111101111111111110, sa_flags=SA_RESTART|SA_SIGINFO
SIGINT: [libjvm.so+0x878f30], sa_mask[0]=11111111011111111101111111111110, sa_flags=SA_RESTART|SA_SIGINFO
SIGTERM: [libjvm.so+0x878f30], sa_mask[0]=11111111011111111101111111111110, sa_flags=SA_RESTART|SA_SIGINFO
SIGQUIT: [libjvm.so+0x878f30], sa_mask[0]=11111111011111111101111111111110, sa_flags=SA_RESTART|SA_SIGINFO


---------------  S Y S T E M  ---------------

OS:DISTRIB_ID=Ubuntu
DISTRIB_RELEASE=18.10
DISTRIB_CODENAME=cosmic
DISTRIB_DESCRIPTION="Ubuntu 18.10"

uname:Linux 4.18.0-17-generic #18-Ubuntu SMP Wed Mar 13 14:34:40 UTC 2019 x86_64
libc:glibc 2.28 NPTL 2.28 
rlimit: STACK 8192k, CORE 0k, NPROC 30975, NOFILE 4096, AS infinity
load average:2,82 2,08 1,50

/proc/meminfo:
MemTotal:        8032828 kB
MemFree:         2076056 kB
MemAvailable:    3303344 kB
Buffers:          107492 kB
Cached:          1689772 kB
SwapCached:            0 kB
Active:          4249256 kB
Inactive:        1283404 kB
Active(anon):    3578208 kB
Inactive(anon):   546844 kB
Active(file):     671048 kB
Inactive(file):   736560 kB
Unevictable:         600 kB
Mlocked:             600 kB
SwapTotal:        808008 kB
SwapFree:         808008 kB
Dirty:                60 kB
Writeback:             0 kB
AnonPages:       3735776 kB
Mapped:           571160 kB
Shmem:            562680 kB
Slab:             205052 kB
SReclaimable:      87024 kB
SUnreclaim:       118028 kB
KernelStack:       15536 kB
PageTables:        50040 kB
NFS_Unstable:          0 kB
Bounce:                0 kB
WritebackTmp:          0 kB
CommitLimit:     4824420 kB
Committed_AS:   12502432 kB
VmallocTotal:   34359738367 kB
VmallocUsed:           0 kB
VmallocChunk:          0 kB
HardwareCorrupted:     0 kB
AnonHugePages:         0 kB
ShmemHugePages:        0 kB
ShmemPmdMapped:        0 kB
CmaTotal:              0 kB
CmaFree:               0 kB
HugePages_Total:       0
HugePages_Free:        0
HugePages_Rsvd:        0
HugePages_Surp:        0
Hugepagesize:       2048 kB
Hugetlb:               0 kB
DirectMap4k:      338548 kB
DirectMap2M:     5818368 kB
DirectMap1G:     2097152 kB

container (cgroup) information:
container_type: cgroupv1
cpu_cpuset_cpus: 0-3
cpu_memory_nodes: 0
active_processor_count: 4
cpu_quota: -1
cpu_period: 100000
cpu_shares: -1
memory_limit_in_bytes: -1
memory_and_swap_limit_in_bytes: -2
memory_soft_limit_in_bytes: -1
memory_usage_in_bytes: 2573131776
memory_max_usage_in_bytes: 2603134976


CPU:total 4 (initial active 4) (2 cores per cpu, 2 threads per core) family 6 model 142 stepping 9, cmov, cx8, fxsr, mmx, sse, sse2, sse3, ssse3, sse4.1, sse4.2, popcnt, avx, avx2, aes, clmul, erms, 3dnowpref, lzcnt, ht, tsc, tscinvbit, bmi1, bmi2, adx

/proc/cpuinfo:
processor	: 0
vendor_id	: GenuineIntel
cpu family	: 6
model		: 142
model name	: Intel(R) Core(TM) i5-7200U CPU @ 2.50GHz
stepping	: 9
microcode	: 0x8e
cpu MHz		: 699.999
cache size	: 3072 KB
physical id	: 0
siblings	: 4
core id		: 0
cpu cores	: 2
apicid		: 0
initial apicid	: 0
fpu		: yes
fpu_exception	: yes
cpuid level	: 22
wp		: yes
flags		: fpu vme de pse tsc msr pae mce cx8 apic sep mtrr pge mca cmov pat pse36 clflush dts acpi mmx fxsr sse sse2 ss ht tm pbe syscall nx pdpe1gb rdtscp lm constant_tsc art arch_perfmon pebs bts rep_good nopl xtopology nonstop_tsc cpuid aperfmperf tsc_known_freq pni pclmulqdq dtes64 monitor ds_cpl vmx est tm2 ssse3 sdbg fma cx16 xtpr pdcm pcid sse4_1 sse4_2 x2apic movbe popcnt tsc_deadline_timer aes xsave avx f16c rdrand lahf_lm abm 3dnowprefetch cpuid_fault epb invpcid_single pti ssbd ibrs ibpb stibp tpr_shadow vnmi flexpriority ept vpid fsgsbase tsc_adjust bmi1 avx2 smep bmi2 erms invpcid mpx rdseed adx smap clflushopt intel_pt xsaveopt xsavec xgetbv1 xsaves dtherm ida arat pln pts hwp hwp_notify hwp_act_window hwp_epp flush_l1d
bugs		: cpu_meltdown spectre_v1 spectre_v2 spec_store_bypass l1tf
bogomips	: 5424.00
clflush size	: 64
cache_alignment	: 64
address sizes	: 39 bits physical, 48 bits virtual
power management:

processor	: 1
vendor_id	: GenuineIntel
cpu family	: 6
model		: 142
model name	: Intel(R) Core(TM) i5-7200U CPU @ 2.50GHz
stepping	: 9
microcode	: 0x8e
cpu MHz		: 699.999
cache size	: 3072 KB
physical id	: 0
siblings	: 4
core id		: 1
cpu cores	: 2
apicid		: 2
initial apicid	: 2
fpu		: yes
fpu_exception	: yes
cpuid level	: 22
wp		: yes
flags		: fpu vme de pse tsc msr pae mce cx8 apic sep mtrr pge mca cmov pat pse36 clflush dts acpi mmx fxsr sse sse2 ss ht tm pbe syscall nx pdpe1gb rdtscp lm constant_tsc art arch_perfmon pebs bts rep_good nopl xtopology nonstop_tsc cpuid aperfmperf tsc_known_freq pni pclmulqdq dtes64 monitor ds_cpl vmx est tm2 ssse3 sdbg fma cx16 xtpr pdcm pcid sse4_1 sse4_2 x2apic movbe popcnt tsc_deadline_timer aes xsave avx f16c rdrand lahf_lm abm 3dnowprefetch cpuid_fault epb invpcid_single pti ssbd ibrs ibpb stibp tpr_shadow vnmi flexpriority ept vpid fsgsbase tsc_adjust bmi1 avx2 smep bmi2 erms invpcid mpx rdseed adx smap clflushopt intel_pt xsaveopt xsavec xgetbv1 xsaves dtherm ida arat pln pts hwp hwp_notify hwp_act_window hwp_epp flush_l1d
bugs		: cpu_meltdown spectre_v1 spectre_v2 spec_store_bypass l1tf
bogomips	: 5424.00
clflush size	: 64
cache_alignment	: 64
address sizes	: 39 bits physical, 48 bits virtual
power management:

processor	: 2
vendor_id	: GenuineIntel
cpu family	: 6
model		: 142
model name	: Intel(R) Core(TM) i5-7200U CPU @ 2.50GHz
stepping	: 9
microcode	: 0x8e
cpu MHz		: 700.000
cache size	: 3072 KB
physical id	: 0
siblings	: 4
core id		: 0
cpu cores	: 2
apicid		: 1
initial apicid	: 1
fpu		: yes
fpu_exception	: yes
cpuid level	: 22
wp		: yes
flags		: fpu vme de pse tsc msr pae mce cx8 apic sep mtrr pge mca cmov pat pse36 clflush dts acpi mmx fxsr sse sse2 ss ht tm pbe syscall nx pdpe1gb rdtscp lm constant_tsc art arch_perfmon pebs bts rep_good nopl xtopology nonstop_tsc cpuid aperfmperf tsc_known_freq pni pclmulqdq dtes64 monitor ds_cpl vmx est tm2 ssse3 sdbg fma cx16 xtpr pdcm pcid sse4_1 sse4_2 x2apic movbe popcnt tsc_deadline_timer aes xsave avx f16c rdrand lahf_lm abm 3dnowprefetch cpuid_fault epb invpcid_single pti ssbd ibrs ibpb stibp tpr_shadow vnmi flexpriority ept vpid fsgsbase tsc_adjust bmi1 avx2 smep bmi2 erms invpcid mpx rdseed adx smap clflushopt intel_pt xsaveopt xsavec xgetbv1 xsaves dtherm ida arat pln pts hwp hwp_notify hwp_act_window hwp_epp flush_l1d
bugs		: cpu_meltdown spectre_v1 spectre_v2 spec_store_bypass l1tf
bogomips	: 5424.00
clflush size	: 64
cache_alignment	: 64
address sizes	: 39 bits physical, 48 bits virtual
power management:

processor	: 3
vendor_id	: GenuineIntel
cpu family	: 6
model		: 142
model name	: Intel(R) Core(TM) i5-7200U CPU @ 2.50GHz
stepping	: 9
microcode	: 0x8e
cpu MHz		: 700.000
cache size	: 3072 KB
physical id	: 0
siblings	: 4
core id		: 1
cpu cores	: 2
apicid		: 3
initial apicid	: 3
fpu		: yes
fpu_exception	: yes
cpuid level	: 22
wp		: yes
flags		: fpu vme de pse tsc msr pae mce cx8 apic sep mtrr pge mca cmov pat pse36 clflush dts acpi mmx fxsr sse sse2 ss ht tm pbe syscall nx pdpe1gb rdtscp lm constant_tsc art arch_perfmon pebs bts rep_good nopl xtopology nonstop_tsc cpuid aperfmperf tsc_known_freq pni pclmulqdq dtes64 monitor ds_cpl vmx est tm2 ssse3 sdbg fma cx16 xtpr pdcm pcid sse4_1 sse4_2 x2apic movbe popcnt tsc_deadline_timer aes xsave avx f16c rdrand lahf_lm abm 3dnowprefetch cpuid_fault epb invpcid_single pti ssbd ibrs ibpb stibp tpr_shadow vnmi flexpriority ept vpid fsgsbase tsc_adjust bmi1 avx2 smep bmi2 erms invpcid mpx rdseed adx smap clflushopt intel_pt xsaveopt xsavec xgetbv1 xsaves dtherm ida arat pln pts hwp hwp_notify hwp_act_window hwp_epp flush_l1d
bugs		: cpu_meltdown spectre_v1 spectre_v2 spec_store_bypass l1tf
bogomips	: 5424.00
clflush size	: 64
cache_alignment	: 64
address sizes	: 39 bits physical, 48 bits virtual
power management:



Memory: 4k page, physical 8032828k(2088120k free), swap 808008k(808008k free)

vm_info: OpenJDK 64-Bit Server VM (25.191-b12) for linux-amd64 JRE (1.8.0_191-8u191-b12-2ubuntu0.18.10.1-b12), built on Jan 14 2019 21:02:00 by "buildd" with gcc 8.2.0

time: Tue May 28 14:38:52 2019
elapsed time: 91 seconds (0d 0h 1m 31s)

